[2026-03-09 16:46:32 UTC] [INFO] === VAULT AGENT STAGING DEPLOYMENT: TERRAFORM APPLY ===
[2026-03-09 16:46:32 UTC] [INFO] === VAULT AGENT STAGING DEPLOYMENT: TERRAFORM APPLY ===
[2026-03-09 16:46:32 UTC] [INFO] Project: p4-platform
[2026-03-09 16:46:32 UTC] [INFO] Project: p4-platform
[2026-03-09 16:46:32 UTC] [INFO] Service Account: terraform-deployer@p4-platform.iam.gserviceaccount.com
[2026-03-09 16:46:32 UTC] [INFO] Service Account: terraform-deployer@p4-platform.iam.gserviceaccount.com
[2026-03-09 16:46:32 UTC] [INFO] Terraform Directory: /home/akushnir/self-hosted-runner/terraform/environments/staging-tenant-a
[2026-03-09 16:46:32 UTC] [INFO] Terraform Directory: /home/akushnir/self-hosted-runner/terraform/environments/staging-tenant-a
[2026-03-09 16:46:32 UTC] [INFO] Ephemeral Key: /tmp/tf-deployer-key-17864.json
[2026-03-09 16:46:32 UTC] [INFO] Ephemeral Key: /tmp/tf-deployer-key-17864.json
[2026-03-09 16:46:32 UTC] [INFO] [1/4] Creating temporary service account key...
[2026-03-09 16:46:32 UTC] [INFO] [1/4] Creating temporary service account key...
ERROR: (gcloud.iam.service-accounts.keys.create) NOT_FOUND: Unknown service account. This command is authenticated as akushnir@bioenergystrategies.com which is the active account specified by the [core/account] property
ERROR: (gcloud.iam.service-accounts.keys.create) NOT_FOUND: Unknown service account. This command is authenticated as akushnir@bioenergystrategies.com which is the active account specified by the [core/account] property
[2026-03-09 16:46:33 UTC] [ERROR] Failed to create service account key
[2026-03-09 16:46:33 UTC] [ERROR] Failed to create service account key
[2026-03-09 16:46:33 UTC] [ERROR] Verify: Service account exists and roles are granted
[2026-03-09 16:46:33 UTC] [ERROR] Verify: Service account exists and roles are granted
[2026-03-09 16:46:33 UTC] [INFO] Securely deleting key file...
[2026-03-09 16:46:33 UTC] [SUCCESS] Key file securely deleted
