[0;34m[2026-03-10 00:34:30][0m 
[0;34m[2026-03-10 00:34:30][0m ╔════════════════════════════════════════════════════════════════╗
[0;34m[2026-03-10 00:34:30][0m ║  NexusShield Portal MVP - Staging Deployment Orchestration     ║
[0;34m[2026-03-10 00:34:30][0m ║  Authority: Approved - Execute immediately, zero waiting      ║
[0;34m[2026-03-10 00:34:30][0m ║  Date: 2026-03-10 00:34:30 UTC                                ║
[0;34m[2026-03-10 00:34:30][0m ╚════════════════════════════════════════════════════════════════╝
[0;34m[2026-03-10 00:34:30][0m 
[0;34m[2026-03-10 00:34:30][0m ════════════════════════════════════════════════════════════════
[0;34m[2026-03-10 00:34:30][0m PHASE 1: Pre-Deployment Verification
[0;34m[2026-03-10 00:34:30][0m ════════════════════════════════════════════════════════════════
[0;32m✅ Terraform found 1.14.6[0m
[0;32m✅ GCP authentication verified[0m
[0;32m✅ Terraform directory available[0m
[0;32m✅ Terraform configuration found[0m
[0;34m[2026-03-10 00:34:31][0m 
[0;34m[2026-03-10 00:34:31][0m ════════════════════════════════════════════════════════════════
[0;34m[2026-03-10 00:34:31][0m PHASE 2: Terraform Initialization
[0;34m[2026-03-10 00:34:31][0m ════════════════════════════════════════════════════════════════
[0;34m[2026-03-10 00:34:31][0m Initializing Terraform (backend=gcs, environment=staging)...
Initializing the backend...

Error: Invalid backend configuration argument

The backend configuration argument "bucket" given on the command line is not
expected for the selected backend type.

Error: Invalid backend configuration argument

The backend configuration argument "prefix" given on the command line is not
expected for the selected backend type.
[0;31m❌ Terraform initialization failed[0m
