[0m[1mrandom_id.database_suffix: Refreshing state... [id=5nw][0m
[0m[1mrandom_password.db_password: Refreshing state... [id=none][0m
[0m[1mgoogle_service_account.portal_backend: Refreshing state... [id=projects/nexusshield-prod/serviceAccounts/nxs-portal-production@nexusshield-prod.iam.gserviceaccount.com][0m
[0m[1mgoogle_compute_network.portal_vpc: Refreshing state... [id=projects/nexusshield-prod/global/networks/nexusshield-vpc][0m
[0m[1mgoogle_artifact_registry_repository.portal_repo: Refreshing state... [id=projects/nexusshield-prod/locations/us-central1/repositories/portal-backend-repo][0m
[0m[1mgoogle_secret_manager_secret.db_connection_string: Refreshing state... [id=projects/nexusshield-prod/secrets/nexusshield-portal-db-connection-production][0m
[0m[1mgoogle_compute_global_address.psc_range: Refreshing state... [id=projects/nexusshield-prod/global/addresses/nexusshield-psc-range][0m

Terraform used the selected providers to generate the following execution
plan. Resource actions are indicated with the following symbols:
  [32m+[0m create[0m

Terraform planned the following actions, but then encountered a problem:

[1m  # google_compute_subnetwork.private_subnet[0m will be created
[0m  [32m+[0m[0m resource "google_compute_subnetwork" "private_subnet" {
      [32m+[0m[0m creation_timestamp         = (known after apply)
      [32m+[0m[0m external_ipv6_prefix       = (known after apply)
      [32m+[0m[0m fingerprint                = (known after apply)
      [32m+[0m[0m gateway_address            = (known after apply)
      [32m+[0m[0m id                         = (known after apply)
      [32m+[0m[0m internal_ipv6_prefix       = (known after apply)
      [32m+[0m[0m ip_cidr_range              = "10.40.0.0/20"
      [32m+[0m[0m ipv6_cidr_range            = (known after apply)
      [32m+[0m[0m name                       = "nexusshield-subnet-us-central1"
      [32m+[0m[0m network                    = "https://www.googleapis.com/compute/v1/projects/nexusshield-prod/global/networks/nexusshield-vpc"
      [32m+[0m[0m private_ip_google_access   = true
      [32m+[0m[0m private_ipv6_google_access = (known after apply)
      [32m+[0m[0m project                    = "nexusshield-prod"
      [32m+[0m[0m purpose                    = (known after apply)
      [32m+[0m[0m region                     = "us-central1"
      [32m+[0m[0m secondary_ip_range         = (known after apply)
      [32m+[0m[0m self_link                  = (known after apply)
      [32m+[0m[0m stack_type                 = (known after apply)
    }

[1m  # google_sql_database.portal_db_schema[0m will be created
[0m  [32m+[0m[0m resource "google_sql_database" "portal_db_schema" {
      [32m+[0m[0m charset         = (known after apply)
      [32m+[0m[0m collation       = (known after apply)
      [32m+[0m[0m deletion_policy = "DELETE"
      [32m+[0m[0m id              = (known after apply)
      [32m+[0m[0m instance        = "nexusshield-portal-db-e67c"
      [32m+[0m[0m name            = "nexusshield_portal"
      [32m+[0m[0m project         = "nexusshield-prod"
      [32m+[0m[0m self_link       = (known after apply)
    }

[1m  # google_sql_database_instance.portal_db[0m will be created
[0m  [32m+[0m[0m resource "google_sql_database_instance" "portal_db" {
      [32m+[0m[0m available_maintenance_versions = (known after apply)
      [32m+[0m[0m connection_name                = (known after apply)
      [32m+[0m[0m database_version               = "POSTGRES_15"
      [32m+[0m[0m deletion_protection            = true
      [32m+[0m[0m dns_name                       = (known after apply)
      [32m+[0m[0m encryption_key_name            = (known after apply)
      [32m+[0m[0m first_ip_address               = (known after apply)
      [32m+[0m[0m id                             = (known after apply)
      [32m+[0m[0m instance_type                  = (known after apply)
      [32m+[0m[0m ip_address                     = (known after apply)
      [32m+[0m[0m maintenance_version            = (known after apply)
      [32m+[0m[0m master_instance_name           = (known after apply)
      [32m+[0m[0m name                           = "nexusshield-portal-db-e67c"
      [32m+[0m[0m private_ip_address             = (known after apply)
      [32m+[0m[0m project                        = "nexusshield-prod"
      [32m+[0m[0m psc_service_attachment_link    = (known after apply)
      [32m+[0m[0m public_ip_address              = (known after apply)
      [32m+[0m[0m region                         = "us-central1"
      [32m+[0m[0m self_link                      = (known after apply)
      [32m+[0m[0m server_ca_cert                 = (sensitive value)
      [32m+[0m[0m service_account_email_address  = (known after apply)

      [32m+[0m[0m replica_configuration (known after apply)

      [32m+[0m[0m settings {
          [32m+[0m[0m activation_policy     = "ALWAYS"
          [32m+[0m[0m availability_type     = "ZONAL"
          [32m+[0m[0m connector_enforcement = (known after apply)
          [32m+[0m[0m disk_autoresize       = true
          [32m+[0m[0m disk_autoresize_limit = 0
          [32m+[0m[0m disk_size             = (known after apply)
          [32m+[0m[0m disk_type             = "PD_SSD"
          [32m+[0m[0m edition               = "ENTERPRISE"
          [32m+[0m[0m pricing_plan          = "PER_USE"
          [32m+[0m[0m tier                  = "db-f1-micro"
          [32m+[0m[0m user_labels           = {
              [32m+[0m[0m "application" = "nexusshield-portal"
              [32m+[0m[0m "environment" = "production"
              [32m+[0m[0m "managed-by"  = "terraform"
            }
          [32m+[0m[0m version               = (known after apply)

          [32m+[0m[0m backup_configuration {
              [32m+[0m[0m enabled                        = true
              [32m+[0m[0m point_in_time_recovery_enabled = true
              [32m+[0m[0m start_time                     = "03:00"
              [32m+[0m[0m transaction_log_retention_days = 7

              [32m+[0m[0m backup_retention_settings (known after apply)
            }

          [32m+[0m[0m insights_config {
              [32m+[0m[0m query_insights_enabled  = true
              [32m+[0m[0m query_plans_per_minute  = (known after apply)
              [32m+[0m[0m query_string_length     = 1024
              [32m+[0m[0m record_application_tags = false
            }

          [32m+[0m[0m ip_configuration {
              [32m+[0m[0m ipv4_enabled    = false
              [32m+[0m[0m private_network = "https://www.googleapis.com/compute/v1/projects/nexusshield-prod/global/networks/nexusshield-vpc"
              [32m+[0m[0m require_ssl     = true
              [32m+[0m[0m server_ca_mode  = (known after apply)
              [32m+[0m[0m ssl_mode        = (known after apply)
            }

          [32m+[0m[0m location_preference (known after apply)
        }
    }

[1m  # google_sql_user.portal_db_user[0m will be created
[0m  [32m+[0m[0m resource "google_sql_user" "portal_db_user" {
      [32m+[0m[0m host                    = (known after apply)
      [32m+[0m[0m id                      = (known after apply)
      [32m+[0m[0m instance                = "nexusshield-portal-db-e67c"
      [32m+[0m[0m name                    = "nexusshield_app"
      [32m+[0m[0m password                = (sensitive value)
      [32m+[0m[0m project                 = "nexusshield-prod"
      [32m+[0m[0m sql_server_user_details = (known after apply)
    }

[1mPlan:[0m [0m4 to add, 0 to change, 0 to destroy.

Changes to Outputs:
  [32m+[0m[0m database_instance = (known after apply)
[33m╷[0m[0m
[33m│[0m [0m[1m[33mWarning: [0m[0m[1mArgument is deprecated[0m
[33m│[0m [0m
[33m│[0m [0m[0m  with google_sql_database_instance.portal_db,
[33m│[0m [0m  on main.tf line 232, in resource "google_sql_database_instance" "portal_db":
[33m│[0m [0m 232:       require_ssl     = [4mtrue[0m[0m
[33m│[0m [0m
[33m│[0m [0m`require_ssl` will be fully deprecated in a future major release. For now,
[33m│[0m [0mplease use `ssl_mode` with a compatible `require_ssl` value instead.
[33m╵[0m[0m
[31m╷[0m[0m
[31m│[0m [0m[1m[31mError: [0m[0m[1mError when reading or editing ComputeGlobalAddress "projects/nexusshield-prod/global/addresses/nexusshield-psc-range": googleapi: Error 403: Required 'compute.globalAddresses.get' permission for 'projects/nexusshield-prod/global/addresses/nexusshield-psc-range', forbidden[0m
[31m│[0m [0m
[31m│[0m [0m[0m  with google_compute_global_address.psc_range,
[31m│[0m [0m  on main.tf line 76, in resource "google_compute_global_address" "psc_range":
[31m│[0m [0m  76: resource "google_compute_global_address" "psc_range" [4m{[0m[0m
[31m│[0m [0m
[31m╵[0m[0m
[31m╷[0m[0m
[31m│[0m [0m[1m[31mError: [0m[0m[1mError when reading or editing Service Account "projects/nexusshield-prod/serviceAccounts/nxs-portal-production@nexusshield-prod.iam.gserviceaccount.com": googleapi: Error 403: Permission 'iam.serviceAccounts.get' denied on resource (or it may not exist).
[31m│[0m [0mDetails:
[31m│[0m [0m[
[31m│[0m [0m  {
[31m│[0m [0m    "@type": "type.googleapis.com/google.rpc.ErrorInfo",
[31m│[0m [0m    "domain": "iam.googleapis.com",
[31m│[0m [0m    "metadata": {
[31m│[0m [0m      "permission": "iam.serviceAccounts.get"
[31m│[0m [0m    },
[31m│[0m [0m    "reason": "IAM_PERMISSION_DENIED"
[31m│[0m [0m  }
[31m│[0m [0m]
[31m│[0m [0m, forbidden[0m
[31m│[0m [0m
[31m│[0m [0m[0m  with google_service_account.portal_backend,
[31m│[0m [0m  on main.tf line 161, in resource "google_service_account" "portal_backend":
[31m│[0m [0m 161: resource "google_service_account" "portal_backend" [4m{[0m[0m
[31m│[0m [0m
[31m╵[0m[0m
[31m╷[0m[0m
[31m│[0m [0m[1m[31mError: [0m[0m[1mError when reading or editing SecretManagerSecret "projects/nexusshield-prod/secrets/nexusshield-portal-db-connection-production": googleapi: Error 403: Permission 'secretmanager.secrets.get' denied for resource 'projects/nexusshield-prod/secrets/nexusshield-portal-db-connection-production' (or it may not exist).[0m
[31m│[0m [0m
[31m│[0m [0m[0m  with google_secret_manager_secret.db_connection_string,
[31m│[0m [0m  on main.tf line 280, in resource "google_secret_manager_secret" "db_connection_string":
[31m│[0m [0m 280: resource "google_secret_manager_secret" "db_connection_string" [4m{[0m[0m
[31m│[0m [0m
[31m╵[0m[0m
