[0m[1mInitializing the backend...[0m
[0m[32m
Successfully configured the backend "local"! Terraform will automatically
use this backend unless the backend configuration changes.[0m
[0m[1mInitializing provider plugins...[0m
- Finding hashicorp/random versions matching "~> 3.5"...
- Finding hashicorp/google versions matching "~> 5.0"...
- Finding hashicorp/google-beta versions matching "~> 5.0"...
- Installing hashicorp/google v5.45.2...
- Installed hashicorp/google v5.45.2 (signed by HashiCorp)
- Installing hashicorp/google-beta v5.45.2...
- Installed hashicorp/google-beta v5.45.2 (signed by HashiCorp)
- Installing hashicorp/random v3.8.1...
- Installed hashicorp/random v3.8.1 (signed by HashiCorp)
Terraform has created a lock file [1m.terraform.lock.hcl[0m to record the provider
selections it made above. Include this file in your version control repository
so that Terraform can guarantee to make the same selections by default when
you run "terraform init" in the future.[0m

[0m[1m[32mTerraform has been successfully initialized![0m[32m[0m
[0m[32m
You may now begin working with Terraform. Try running "terraform plan" to see
any changes that are required for your infrastructure. All Terraform commands
should now work.

If you ever set or change modules or backend configuration for Terraform,
rerun this command to reinitialize your working directory. If you forget, other
commands will detect it and remind you to do so if necessary.[0m
