2026-03-10T03:12:13.996Z [INFO]  Terraform version: 1.14.6
2026-03-10T03:12:13.996Z [INFO]  Go runtime version: go1.25.6
2026-03-10T03:12:13.996Z [INFO]  CLI args: []string{"terraform", "apply", "tfplan.production"}
2026-03-10T03:12:13.997Z [INFO]  CLI command args: []string{"apply", "tfplan.production"}
2026-03-10T03:12:14.646Z [INFO]  backend/local: starting Apply operation
2026-03-10T03:12:14.661Z [INFO]  provider: configuring client automatic mTLS
2026-03-10T03:12:14.710Z [INFO]  provider.terraform-provider-google_v5.45.2_x5: configuring server automatic mTLS: timestamp=2026-03-10T03:12:14.710Z
2026-03-10T03:12:15.044Z [INFO]  provider: plugin process exited: plugin=.terraform/providers/registry.terraform.io/hashicorp/google/5.45.2/linux_amd64/terraform-provider-google_v5.45.2_x5 id=2873739
2026-03-10T03:12:15.045Z [INFO]  provider: configuring client automatic mTLS
2026-03-10T03:12:15.095Z [INFO]  provider.terraform-provider-google-beta_v5.45.2_x5: configuring server automatic mTLS: timestamp=2026-03-10T03:12:15.094Z
2026-03-10T03:12:15.449Z [INFO]  provider: plugin process exited: plugin=.terraform/providers/registry.terraform.io/hashicorp/google-beta/5.45.2/linux_amd64/terraform-provider-google-beta_v5.45.2_x5 id=2873766
2026-03-10T03:12:15.449Z [INFO]  provider: configuring client automatic mTLS
2026-03-10T03:12:15.465Z [INFO]  provider.terraform-provider-random_v3.8.1_x5: configuring server automatic mTLS: timestamp=2026-03-10T03:12:15.465Z
2026-03-10T03:12:15.496Z [INFO]  provider: plugin process exited: plugin=.terraform/providers/registry.terraform.io/hashicorp/random/3.8.1/linux_amd64/terraform-provider-random_v3.8.1_x5 id=2873779
2026-03-10T03:12:15.496Z [INFO]  backend/local: apply calling Apply
2026-03-10T03:12:15.501Z [INFO]  provider: configuring client automatic mTLS
2026-03-10T03:12:15.511Z [INFO]  provider.terraform-provider-random_v3.8.1_x5: configuring server automatic mTLS: timestamp=2026-03-10T03:12:15.511Z
2026-03-10T03:12:15.535Z [INFO]  provider: configuring client automatic mTLS
2026-03-10T03:12:15.583Z [INFO]  provider.terraform-provider-google_v5.45.2_x5: configuring server automatic mTLS: timestamp=2026-03-10T03:12:15.582Z
2026-03-10T03:12:15.611Z [INFO]  provider: plugin process exited: plugin=.terraform/providers/registry.terraform.io/hashicorp/random/3.8.1/linux_amd64/terraform-provider-random_v3.8.1_x5 id=2873791
2026-03-10T03:12:15.661Z [INFO]  provider.terraform-provider-google_v5.45.2_x5: Authenticating using DefaultClient...: @module=google tf_rpc=ConfigureProvider tf_mux_provider="*proto5server.Server" tf_provider_addr=registry.terraform.io/hashicorp/google tf_req_id=8d40c989-d413-5593-fc2e-9f3c7f488c94 @caller=github.com/hashicorp/terraform-provider-google/google/fwtransport/framework_config.go:1842 timestamp=2026-03-10T03:12:15.661Z
2026-03-10T03:12:15.662Z [INFO]  provider.terraform-provider-google_v5.45.2_x5:   -- Scopes: [https://www.googleapis.com/auth/cloud-platform https://www.googleapis.com/auth/userinfo.email]: @caller=github.com/hashicorp/terraform-provider-google/google/fwtransport/framework_config.go:1843 @module=google tf_mux_provider="*proto5server.Server" tf_provider_addr=registry.terraform.io/hashicorp/google tf_rpc=ConfigureProvider tf_req_id=8d40c989-d413-5593-fc2e-9f3c7f488c94 timestamp=2026-03-10T03:12:15.661Z
2026-03-10T03:12:15.662Z [INFO]  provider.terraform-provider-google_v5.45.2_x5: Authenticating using DefaultClient...: @module=google tf_mux_provider="*proto5server.Server" tf_req_id=8d40c989-d413-5593-fc2e-9f3c7f488c94 tf_rpc=ConfigureProvider tf_provider_addr=registry.terraform.io/hashicorp/google @caller=github.com/hashicorp/terraform-provider-google/google/fwtransport/framework_config.go:1842 timestamp=2026-03-10T03:12:15.662Z
2026-03-10T03:12:15.662Z [INFO]  provider.terraform-provider-google_v5.45.2_x5:   -- Scopes: [https://www.googleapis.com/auth/cloud-platform https://www.googleapis.com/auth/userinfo.email]: tf_rpc=ConfigureProvider tf_mux_provider="*proto5server.Server" tf_req_id=8d40c989-d413-5593-fc2e-9f3c7f488c94 @caller=github.com/hashicorp/terraform-provider-google/google/fwtransport/framework_config.go:1843 @module=google tf_provider_addr=registry.terraform.io/hashicorp/google timestamp=2026-03-10T03:12:15.662Z
2026-03-10T03:12:15.959Z [INFO]  provider.terraform-provider-google_v5.45.2_x5: Terraform is using this identity: terraform-deployer@nexusshield-prod.iam.gserviceaccount.com: @caller=github.com/hashicorp/terraform-provider-google/google/fwtransport/framework_config.go:1712 tf_mux_provider="*proto5server.Server" tf_provider_addr=registry.terraform.io/hashicorp/google tf_req_id=8d40c989-d413-5593-fc2e-9f3c7f488c94 @module=google tf_rpc=ConfigureProvider timestamp=2026-03-10T03:12:15.959Z
2026-03-10T03:12:16.095Z [WARN]  provider.terraform-provider-google_v5.45.2_x5: Response contains warning diagnostic: tf_resource_type=google_sql_database_instance @module=sdk.proto diagnostic_detail="`require_ssl` will be fully deprecated in a future major release. For now, please use `ssl_mode` with a compatible `require_ssl` value instead." diagnostic_severity=WARNING tf_proto_version=5.6 tf_req_id=79087941-c888-d4a3-ac39-9b2a5b5309e4 tf_rpc=ValidateResourceTypeConfig @caller=github.com/hashicorp/terraform-plugin-go@v0.23.0/tfprotov5/internal/diag/diagnostics.go:60 diagnostic_attribute="AttributeName(\"settings\").ElementKeyInt(0).AttributeName(\"ip_configuration\").ElementKeyInt(0).AttributeName(\"require_ssl\")" diagnostic_summary="Argument is deprecated" tf_provider_addr=registry.terraform.io/hashicorp/google timestamp=2026-03-10T03:12:16.095Z
[0m[1mgoogle_service_networking_connection.portal_db_connection: Creating...[0m[0m
2026-03-10T03:12:16.095Z [INFO]  Starting apply for google_service_networking_connection.portal_db_connection
2026-03-10T03:12:16.130Z [WARN]  Provider "registry.terraform.io/hashicorp/google" produced an invalid plan for google_sql_database_instance.portal_db, but we are tolerating it because it is using the legacy plugin SDK.
    The following problems may be the cause of any confusing errors from downstream operations:
      - .replica_configuration: attribute representing nested block must not be unknown itself; set nested attribute values to unknown instead
      - .settings[0].disk_type: planned value cty.StringVal("PD_SSD") for a non-computed attribute
      - .settings[0].pricing_plan: planned value cty.StringVal("PER_USE") for a non-computed attribute
      - .settings[0].activation_policy: planned value cty.StringVal("ALWAYS") for a non-computed attribute
      - .settings[0].disk_autoresize: planned value cty.True for a non-computed attribute
      - .settings[0].disk_autoresize_limit: planned value cty.NumberIntVal(0) for a non-computed attribute
      - .settings[0].edition: planned value cty.StringVal("ENTERPRISE") for a non-computed attribute
      - .settings[0].backup_configuration[0].backup_retention_settings: attribute representing nested block must not be unknown itself; set nested attribute values to unknown instead
      - .settings[0].location_preference: attribute representing nested block must not be unknown itself; set nested attribute values to unknown instead
[0m[1mgoogle_sql_database_instance.portal_db: Creating...[0m[0m
2026-03-10T03:12:16.131Z [INFO]  Starting apply for google_sql_database_instance.portal_db
2026-03-10T03:12:16.136Z [WARN]  Provider "registry.terraform.io/hashicorp/google" produced an invalid plan for google_cloud_run_service.portal_backend, but we are tolerating it because it is using the legacy plugin SDK.
    The following problems may be the cause of any confusing errors from downstream operations:
      - .autogenerate_revision_name: planned value cty.False for a non-computed attribute
      - .metadata: attribute representing nested block must not be unknown itself; set nested attribute values to unknown instead
      - .template[0].spec[0].containers[0].startup_probe: attribute representing nested block must not be unknown itself; set nested attribute values to unknown instead
[0m[1mgoogle_cloud_run_service.portal_backend: Creating...[0m[0m
2026-03-10T03:12:16.137Z [INFO]  Starting apply for google_cloud_run_service.portal_backend
2026-03-10T03:12:16.791Z [ERROR] provider.terraform-provider-google_v5.45.2_x5: Response contains error diagnostic: tf_req_id=ebd0329f-1d6c-946f-b400-07b50835f165 @module=sdk.proto diagnostic_detail="" diagnostic_summary="Error, failed to create instance because the network doesn't have at least 1 private services connection. Please see https://cloud.google.com/sql/docs/mysql/private-ip#network_requirements for how to create this connection." tf_provider_addr=registry.terraform.io/hashicorp/google tf_resource_type=google_sql_database_instance tf_rpc=ApplyResourceChange @caller=github.com/hashicorp/terraform-plugin-go@v0.23.0/tfprotov5/internal/diag/diagnostics.go:58 diagnostic_severity=ERROR tf_proto_version=5.6 timestamp=2026-03-10T03:12:16.790Z
2026-03-10T03:12:16.800Z [ERROR] vertex "google_sql_database_instance.portal_db" error: Error, failed to create instance because the network doesn't have at least 1 private services connection. Please see https://cloud.google.com/sql/docs/mysql/private-ip#network_requirements for how to create this connection.
[0m[1mgoogle_service_networking_connection.portal_db_connection: Still creating... [00m10s elapsed][0m[0m
[0m[1mgoogle_cloud_run_service.portal_backend: Still creating... [00m10s elapsed][0m[0m
2026-03-10T03:12:26.903Z [ERROR] provider.terraform-provider-google_v5.45.2_x5: Response contains error diagnostic: @module=sdk.proto tf_proto_version=5.6 diagnostic_detail="" diagnostic_severity=ERROR
  diagnostic_summary=
  | Error waiting for Create Service Networking Connection: Error code 9, message: Constraint constraints/compute.restrictVpcPeering violated for project 151423364222. Peering the network projects/a4d0e081639952a26p-tp/global/networks/servicenetworking is not allowed.
  | Help Token: AerXPhUCELp42AYlwOYQVY_CfZAXFWQmVe7CClouPo8SgaxR-3fgk_at244e07bX6js67n8LH-lhMJpmsmV8dH6yywNayVHlMZgEHhxcL7ZxCNpR
   tf_provider_addr=registry.terraform.io/hashicorp/google tf_req_id=9cbb4159-6c8f-dc82-766d-05e836d34ab6 tf_resource_type=google_service_networking_connection tf_rpc=ApplyResourceChange @caller=github.com/hashicorp/terraform-plugin-go@v0.23.0/tfprotov5/internal/diag/diagnostics.go:58 timestamp=2026-03-10T03:12:26.903Z
2026-03-10T03:12:26.909Z [ERROR] vertex "google_service_networking_connection.portal_db_connection" error: Error waiting for Create Service Networking Connection: Error code 9, message: Constraint constraints/compute.restrictVpcPeering violated for project 151423364222. Peering the network projects/a4d0e081639952a26p-tp/global/networks/servicenetworking is not allowed.
Help Token: AerXPhUCELp42AYlwOYQVY_CfZAXFWQmVe7CClouPo8SgaxR-3fgk_at244e07bX6js67n8LH-lhMJpmsmV8dH6yywNayVHlMZgEHhxcL7ZxCNpR
[0m[1mgoogle_cloud_run_service.portal_backend: Still creating... [00m20s elapsed][0m[0m
[0m[1mgoogle_cloud_run_service.portal_backend: Still creating... [00m30s elapsed][0m[0m
[0m[1mgoogle_cloud_run_service.portal_backend: Still creating... [00m40s elapsed][0m[0m
[0m[1mgoogle_cloud_run_service.portal_backend: Still creating... [00m50s elapsed][0m[0m
[0m[1mgoogle_cloud_run_service.portal_backend: Still creating... [01m00s elapsed][0m[0m
[0m[1mgoogle_cloud_run_service.portal_backend: Still creating... [01m10s elapsed][0m[0m
[0m[1mgoogle_cloud_run_service.portal_backend: Still creating... [01m20s elapsed][0m[0m
[0m[1mgoogle_cloud_run_service.portal_backend: Still creating... [01m30s elapsed][0m[0m
[0m[1mgoogle_cloud_run_service.portal_backend: Still creating... [01m40s elapsed][0m[0m
[0m[1mgoogle_cloud_run_service.portal_backend: Still creating... [01m50s elapsed][0m[0m
[0m[1mgoogle_cloud_run_service.portal_backend: Still creating... [02m00s elapsed][0m[0m
