🚀 FINAL DEPLOYMENT ACTIVATION - INITIATED
[2026-03-14 23:19:07] DEPLOYMENT_ACTIVATION: started - Final orchestration execution initiated
[2026-03-14 23:19:07] MANDATE_1: staged - IMMUTABLE
[2026-03-14 23:19:07] MANDATE_2: verified - EPHEMERAL
[2026-03-14 23:19:07] MANDATE_3: verified - IDEMPOTENT
[2026-03-14 23:19:07] MANDATE_4: verified - NO-OPS
[2026-03-14 23:19:07] MANDATE_5: verified - HANDS-OFF
[2026-03-14 23:19:07] MANDATE_6: verified - GSM_VAULT_KMS
[2026-03-14 23:19:07] MANDATE_7: verified - DIRECT_DEPLOY
[2026-03-14 23:19:07] MANDATE_8: verified - SERVICE_ACCOUNT
[2026-03-14 23:19:07] MANDATE_9: verified - TARGET_ENFORCED
[2026-03-14 23:19:07] MANDATE_10: staged - NO_GITHUB_PRS
[2026-03-14 23:19:07] READINESS_CHECK: passed - Master Orchestrator available at /home/akushnir/self-hosted-runner/deploy-orchestrator.sh
[2026-03-14 23:19:07] READINESS_CHECK: passed - Worker Provisioning available at /home/akushnir/self-hosted-runner/deploy-worker-node.sh
[2026-03-14 23:19:07] READINESS_CHECK: passed - NAS Configuration available at /home/akushnir/self-hosted-runner/deploy-nas-nfs-mounts.sh
[2026-03-14 23:19:07] READINESS_CHECK: passed - Production Bootstrap available at /home/akushnir/self-hosted-runner/bootstrap-production.sh
[2026-03-14 23:19:07] READINESS_CHECK: passed - Verification Suite available at /home/akushnir/self-hosted-runner/verify-nas-redeployment.sh
[2026-03-14 23:19:07] GITHUB_ISSUE_3172: ready - will_auto_close_on_phase_7
[2026-03-14 23:19:07] GITHUB_ISSUE_3170: ready - will_auto_close_on_phase_7
[2026-03-14 23:19:07] GITHUB_ISSUE_3171: ready - will_auto_close_on_phase_7
[2026-03-14 23:19:07] GITHUB_ISSUE_3173: ready - will_auto_close_on_phase_7
[2026-03-14 23:19:07] GITHUB_ISSUE_3162: ready - will_auto_close_on_phase_7
[2026-03-14 23:19:07] GITHUB_ISSUE_3163: ready - will_auto_close_on_phase_7
[2026-03-14 23:19:07] GITHUB_ISSUE_3164: ready - will_auto_close_on_phase_7
[2026-03-14 23:19:07] GITHUB_ISSUE_3165: ready - will_auto_close_on_phase_7
[2026-03-14 23:19:07] GITHUB_ISSUE_3167: ready - will_auto_close_on_phase_7
[2026-03-14 23:19:07] GITHUB_ISSUE_3168: ready - will_auto_close_on_phase_7
[2026-03-14 23:19:07] AUDIT_TRAIL_STATUS: initialized - 16 files exist, format JSONL
[2026-03-14 23:19:07] GIT_VERIFICATION: complete - 6562 commits on main, no PRs
[2026-03-14 23:19:07] DEPLOYMENT_ACTIVATION: complete - Framework ready for execution on worker node
[2026-03-14 23:19:07] DEPLOYMENT_STATUS: ready - All systems ready for production deployment
