[2026-03-14 23:06:54] 🚀 MASTER DEPLOYMENT ORCHESTRATOR STARTED
[2026-03-14 23:06:54] INFO: === STARTING FULL DEPLOYMENT ORCHESTRATION ===
[2026-03-14 23:06:54] INFO: NAS: 192.16.168.39
[2026-03-14 23:06:54] INFO: Worker: 192.168.168.42
[2026-03-14 23:06:54] INFO: Service Account: svc-git
[2026-03-14 23:06:54] INFO: Constraints: IMMUTABLE | EPHEMERAL | IDEMPOTENT | NO-OPS | HANDS-OFF
[2026-03-14 23:06:54] STAGE: CONSTRAINT VALIDATION
[2026-03-14 23:06:54] WARN: Service account svc-git not found (will be created if needed)
[2026-03-14 23:06:54] SUCCESS: All constraints validated
[2026-03-14 23:06:54] STAGE: PREFLIGHT CHECKS
[2026-03-14 23:06:54] INFO: Testing NAS connectivity (192.16.168.39:22)...
[2026-03-14 23:06:59] WARN: NAS not reachable (may configure later)
[2026-03-14 23:06:59] INFO: Testing worker connectivity (192.168.168.42:22)...
[2026-03-14 23:06:59] SUCCESS: Worker node is reachable
[2026-03-14 23:06:59] SUCCESS: Local git repository found
[2026-03-14 23:06:59] SUCCESS: Dev SSH key available (/home/akushnir/.ssh/id_ed25519)
[2026-03-14 23:06:59] INFO: Preflight: 3/4 checks passed
[2026-03-14 23:06:59] STAGE: NAS NFS MOUNTS (IMMUTABLE CANONICAL SOURCE)
[2026-03-14 23:06:59] INFO: Deploying NFS mount infrastructure...
[2026-03-14 23:07:00] ERROR: NFS mount deployment failed
[2026-03-14 23:07:00] ERROR: NFS deployment failed
