[2026-03-14 23:53:45] 🚀 MASTER DEPLOYMENT ORCHESTRATOR STARTED
[2026-03-14 23:53:45] INFO: === STARTING FULL DEPLOYMENT ORCHESTRATION ===
[2026-03-14 23:53:45] INFO: NAS: 192.168.168.39
[2026-03-14 23:53:45] INFO: Worker: 192.168.168.42
[2026-03-14 23:53:45] INFO: Service Account: akushnir
[2026-03-14 23:53:45] INFO: Constraints: IMMUTABLE | EPHEMERAL | IDEMPOTENT | NO-OPS | HANDS-OFF
[2026-03-14 23:53:45] STAGE: CONSTRAINT VALIDATION
[2026-03-14 23:53:45] SUCCESS: All constraints validated
[2026-03-14 23:53:45] STAGE: PREFLIGHT CHECKS
[2026-03-14 23:53:45] INFO: Testing NAS connectivity (192.168.168.39:22)...
[2026-03-14 23:53:45] SUCCESS: NAS is reachable
[2026-03-14 23:53:45] INFO: Testing worker connectivity (192.168.168.42:22)...
[2026-03-14 23:53:45] SUCCESS: Worker node is reachable
[2026-03-14 23:53:45] SUCCESS: Local git repository found
[2026-03-14 23:53:45] SUCCESS: Dev SSH key available (/home/akushnir/.ssh/id_ed25519)
[2026-03-14 23:53:45] INFO: Preflight: 4/4 checks passed
[2026-03-14 23:53:45] STAGE: NAS NFS MOUNTS (IMMUTABLE CANONICAL SOURCE)
[2026-03-14 23:53:45] INFO: Deploying NFS mount infrastructure...
[2026-03-14 23:53:48] ERROR: NFS mount deployment failed
[2026-03-14 23:53:48] WARN: NFS deployment deferred - continuing without NFS mounts
[2026-03-14 23:53:48] INFO: System will use local git repository and alternative storage
[2026-03-14 23:53:48] STAGE: WORKER NODE FULL STACK DEPLOYMENT
[2026-03-14 23:53:48] INFO: Deploying complete worker stack (svc-git service account)...
[2026-03-14 23:53:48] ERROR: Worker node deployment failed
[2026-03-14 23:53:48] ERROR: Worker stack deployment failed
