[2026-03-14 23:58:49] 🚀 MASTER DEPLOYMENT ORCHESTRATOR STARTED
[2026-03-14 23:58:49] INFO: === STARTING FULL DEPLOYMENT ORCHESTRATION ===
[2026-03-14 23:58:49] INFO: NAS: 192.168.168.39
[2026-03-14 23:58:49] INFO: Worker: 192.168.168.42
[2026-03-14 23:58:49] INFO: Service Account: akushnir
[2026-03-14 23:58:49] INFO: Constraints: IMMUTABLE | EPHEMERAL | IDEMPOTENT | NO-OPS | HANDS-OFF
[2026-03-14 23:58:49] STAGE: CONSTRAINT VALIDATION
[2026-03-14 23:58:50] SUCCESS: All constraints validated
[2026-03-14 23:58:50] STAGE: PREFLIGHT CHECKS
[2026-03-14 23:58:50] INFO: Testing NAS connectivity (192.168.168.39:22)...
[2026-03-14 23:58:50] SUCCESS: NAS is reachable
[2026-03-14 23:58:50] INFO: Testing worker connectivity (192.168.168.42:22)...
[2026-03-14 23:58:50] SUCCESS: Worker node is reachable
[2026-03-14 23:58:50] SUCCESS: Local git repository found
[2026-03-14 23:58:50] SUCCESS: Dev SSH key available (/home/akushnir/.ssh/id_ed25519)
[2026-03-14 23:58:50] INFO: Preflight: 4/4 checks passed
[2026-03-14 23:58:50] STAGE: NAS NFS MOUNTS (IMMUTABLE CANONICAL SOURCE)
[2026-03-14 23:58:50] INFO: Deploying NFS mount infrastructure...
[2026-03-14 23:58:52] ERROR: NFS mount deployment failed
[2026-03-14 23:58:52] WARN: NFS deployment deferred - continuing without NFS mounts
[2026-03-14 23:58:52] INFO: System will use local git repository and alternative storage
[2026-03-14 23:58:52] STAGE: WORKER NODE FULL STACK DEPLOYMENT
[2026-03-14 23:58:52] INFO: Deploying complete worker stack (akushnir service account)...
[2026-03-14 23:58:52] ERROR: Worker node deployment failed
[2026-03-14 23:58:52] ERROR: Worker stack deployment failed
