[2026-03-14 23:05:14] 🚀 MASTER DEPLOYMENT ORCHESTRATOR STARTED
[2026-03-14 23:05:14] INFO: === STARTING FULL DEPLOYMENT ORCHESTRATION ===
[2026-03-14 23:05:14] INFO: NAS: 192.16.168.39
[2026-03-14 23:05:14] INFO: Worker: 192.168.168.42
[2026-03-14 23:05:14] INFO: Service Account: svc-git
[2026-03-14 23:05:14] INFO: Constraints: IMMUTABLE | EPHEMERAL | IDEMPOTENT | NO-OPS | HANDS-OFF
[2026-03-14 23:05:14] STAGE: CONSTRAINT VALIDATION
[2026-03-14 23:05:14] WARN: Service account svc-git not found (will be created if needed)
[2026-03-14 23:05:14] SUCCESS: All constraints validated
[2026-03-14 23:05:14] STAGE: PREFLIGHT CHECKS
[2026-03-14 23:05:14] INFO: Testing NAS connectivity (192.16.168.39:22)...
[2026-03-14 23:05:19] WARN: NAS not reachable (may configure later)
[2026-03-14 23:05:19] INFO: Testing worker connectivity (192.168.168.42:22)...
[2026-03-14 23:05:19] SUCCESS: Worker node is reachable
[2026-03-14 23:05:19] SUCCESS: Local git repository found
[2026-03-14 23:05:19] SUCCESS: Dev SSH key available (/home/akushnir/.ssh/id_ed25519)
[2026-03-14 23:05:19] INFO: Preflight: 3/4 checks passed
[2026-03-14 23:05:19] STAGE: NAS NFS MOUNTS (IMMUTABLE CANONICAL SOURCE)
[2026-03-14 23:05:19] INFO: Deploying NFS mount infrastructure...
[2026-03-14 23:05:20] ERROR: NFS mount deployment failed
[2026-03-14 23:05:20] ERROR: NFS deployment failed
