[2026-03-14 22:53:56] 🚀 MASTER DEPLOYMENT ORCHESTRATOR STARTED
[2026-03-14 22:53:56] INFO: === STARTING FULL DEPLOYMENT ORCHESTRATION ===
[2026-03-14 22:53:56] INFO: NAS: 192.16.168.39
[2026-03-14 22:53:56] INFO: Worker: 192.168.168.42
[2026-03-14 22:53:56] INFO: Service Account: svc-git
[2026-03-14 22:53:56] INFO: Constraints: IMMUTABLE | EPHEMERAL | IDEMPOTENT | NO-OPS | HANDS-OFF
[2026-03-14 22:53:56] STAGE: CONSTRAINT VALIDATION
[2026-03-14 22:53:56] WARN: Service account svc-git not found (will be created if needed)
[2026-03-14 22:53:56] SUCCESS: All constraints validated
[2026-03-14 22:53:56] STAGE: PREFLIGHT CHECKS
[2026-03-14 22:53:56] INFO: Testing NAS connectivity (192.16.168.39:22)...
[2026-03-14 22:54:01] WARN: NAS not reachable (may configure later)
[2026-03-14 22:54:01] INFO: Testing worker connectivity (192.168.168.42:22)...
[2026-03-14 22:54:01] SUCCESS: Worker node is reachable
[2026-03-14 22:54:01] SUCCESS: Local git repository found
[2026-03-14 22:54:01] SUCCESS: Dev SSH key available (/home/akushnir/.ssh/id_ed25519)
[2026-03-14 22:54:01] INFO: Preflight: 3/4 checks passed
[2026-03-14 22:54:01] STAGE: NAS NFS MOUNTS (IMMUTABLE CANONICAL SOURCE)
[2026-03-14 22:54:01] INFO: Deploying NFS mount infrastructure...
[2026-03-14 22:54:01] ERROR: NFS mount deployment failed
[2026-03-14 22:54:01] ERROR: NFS deployment failed
