[2026-03-09T05:20:00Z] [INFO] Self-hosted daemon scheduler starting (PID: 1795541)
[2026-03-09T05:20:00Z] [INFO] Repository root: /home/akushnir/self-hosted-runner
[2026-03-09T05:20:00Z] [INFO] Rotation interval: 900s (every 15 min)
[2026-03-09T05:20:00Z] [INFO] Health check interval: 3600s (every 1 hour)
[2026-03-09T05:20:05Z] [INFO] Daemon shutting down gracefully...
[2026-03-09T05:21:21Z] [INFO] Self-hosted daemon scheduler starting (PID: 1796690)
[2026-03-09T05:21:21Z] [INFO] Repository root: /home/akushnir/self-hosted-runner
[2026-03-09T05:21:21Z] [INFO] Rotation interval: 900s (every 15 min)
[2026-03-09T05:21:21Z] [INFO] Health check interval: 3600s (every 1 hour)
[2026-03-09T05:21:29Z] [INFO] Removing stale PID file
[2026-03-09T05:21:29Z] [INFO] Self-hosted daemon scheduler starting (PID: 1796809)
[2026-03-09T05:21:29Z] [INFO] Repository root: /home/akushnir/self-hosted-runner
[2026-03-09T05:21:29Z] [INFO] Rotation interval: 900s (every 15 min)
[2026-03-09T05:21:29Z] [INFO] Health check interval: 3600s (every 1 hour)
[2026-03-09T05:21:32Z] [INFO] Daemon shutting down gracefully...
[2026-03-09T05:21:50Z] [INFO] Self-hosted daemon scheduler starting (PID: 1797009)
[2026-03-09T05:21:50Z] [INFO] Repository root: /home/akushnir/self-hosted-runner
[2026-03-09T05:21:50Z] [INFO] Rotation interval: 900s (every 15 min)
[2026-03-09T05:21:50Z] [INFO] Health check interval: 3600s (every 1 hour)
[2026-03-09T05:36:50Z] [INFO] Running credential rotation...
[2026-03-09T05:36:50Z] [ERROR] ✗ Credential rotation failed
[2026-03-09T05:51:50Z] [INFO] Running credential rotation...
[2026-03-09T05:51:50Z] [WARN] Rotation already in progress, skipping...
[2026-03-09T06:06:50Z] [INFO] Running credential rotation...
[2026-03-09T06:06:50Z] [WARN] Rotation already in progress, skipping...
[2026-03-09T06:21:50Z] [INFO] Running credential rotation...
[2026-03-09T06:21:50Z] [WARN] Rotation already in progress, skipping...
[2026-03-09T06:21:50Z] [INFO] Running credential health check...
[2026-03-09T06:21:50Z] [ERROR] ✗ Health check failed - escalating
