╔════════════════════════════════════════════════════════════╗
║  Phase 6: Portal MVP Integration - Quick Start             ║
║  Status: READY FOR EXECUTION                              ║
╚════════════════════════════════════════════════════════════╝

[0;34mStep 1: Verifying Prerequisites[0m
━━━━━━━━━━━━━━━━━━━━━━━━━━━━━━━━━━━━━━━━━━━━━━━━━━━━━━━━
[0;32m✓[0m docker installed (Docker version 28.2.2, build 28.2.2-0ubuntu1~24.04.1)
[0;32m✓[0m docker-compose installed (Docker Compose version v2.24.7)
[0;32m✓[0m node installed (v20.20.0)
[0;32m✓[0m python3 installed (Python 3.12.3)

[0;34mStep 2: Checking Environment Variables[0m
━━━━━━━━━━━━━━━━━━━━━━━━━━━━━━━━━━━━━━━━━━━━━━━━━━━━━━━━
[0;32m✓[0m .env file found

[0;34mStep 3: Building Docker Images[0m
━━━━━━━━━━━━━━━━━━━━━━━━━━━━━━━━━━━━━━━━━━━━━━━━━━━━━━━━
#0 building with "default" instance using docker driver

#1 [api internal] load build definition from Dockerfile
#1 transferring dockerfile: 535B done
#1 DONE 0.0s

#2 [api internal] load metadata for docker.io/library/node:18-alpine
#2 DONE 0.1s

#3 [api internal] load .dockerignore
#3 transferring context: 2B done
#3 DONE 0.0s

#4 [api 1/3] FROM docker.io/library/node:18-alpine@sha256:8d6421d663b4c28fd3ebc498332f249011d118945588d0a35cb9bc4b8ca09d9e
#4 DONE 0.0s

#5 [api 2/3] WORKDIR /app
#5 CACHED

#6 [api internal] load build context
#6 transferring context: 62B done
#6 DONE 0.0s

#7 [api 3/3] COPY index.js package.json ./
#7 DONE 0.0s

#8 [api] exporting to image
#8 exporting layers done
#8 writing image sha256:57e5285a0448844815d37c6a1e0e49ee6a548089dabc4afae625ab483ee0d69b done
#8 naming to docker.io/library/self-hosted-runner-api done
#8 DONE 0.0s

#9 [frontend internal] load build definition from Dockerfile
#9 transferring dockerfile: 153B done
#9 DONE 0.0s

#10 [frontend internal] load metadata for docker.io/library/nginx:stable-alpine
#10 DONE 0.1s

#11 [frontend internal] load .dockerignore
#11 transferring context: 2B done
#11 DONE 0.0s

#12 [frontend 1/2] FROM docker.io/library/nginx:stable-alpine@sha256:15e96e59aa3b0aada3a121296e3bce117721f42d88f5f64217ef4b18f458c6ab
#12 CACHED

#13 [frontend internal] load build context
#13 transferring context: 192B done
#13 DONE 0.0s

#14 [frontend 2/2] COPY ./dist /usr/share/nginx/html
#14 DONE 0.0s

#15 [frontend] exporting to image
#15 exporting layers done
#15 writing image sha256:4013a3868055296315200a56a335bc20bfb22b901f43587d7a1354ad0ebd5a12 done
#15 naming to docker.io/library/self-hosted-runner-frontend done
#15 DONE 0.0s
[0;32m✓[0m Build complete (0s)

[0;34mStep 4: Starting Services[0m
━━━━━━━━━━━━━━━━━━━━━━━━━━━━━━━━━━━━━━━━━━━━━━━━━━━━━━━━
 Network self-hosted-runner_nexusshield  Creating
 Network self-hosted-runner_nexusshield  Created
 Container nexusshield-mq  Creating
 Container nexusshield-jaeger  Creating
 Container nexusshield-loki  Creating
 Container nexusshield-cache  Creating
 Container nexusshield-database  Creating
 Container nexusshield-loki  Created
 Container nexusshield-database  Created
 Container nexusshield-api  Creating
 Container nexusshield-mq  Created
 Container nexusshield-cache  Created
 Container nexusshield-adminer  Creating
 Container nexusshield-jaeger  Created
 Container nexusshield-adminer  Created
 Container nexusshield-api  Created
 Container nexusshield-frontend  Creating
 Container nexusshield-prometheus  Creating
 Container nexusshield-prometheus  Created
 Container nexusshield-grafana  Creating
 Container nexusshield-frontend  Created
 Container nexusshield-grafana  Created
 Container nexusshield-jaeger  Starting
 Container nexusshield-cache  Starting
 Container nexusshield-loki  Starting
 Container nexusshield-mq  Starting
 Container nexusshield-database  Starting
 Container nexusshield-loki  Started
 Container nexusshield-jaeger  Started
 Container nexusshield-database  Started
 Container nexusshield-adminer  Starting
 Container nexusshield-database  Waiting
 Container nexusshield-cache  Started
 Container nexusshield-mq  Started
 Container nexusshield-adminer  Started
 Container nexusshield-database  Healthy
 Container nexusshield-api  Starting
 Container nexusshield-api  Started
 Container nexusshield-frontend  Starting
 Container nexusshield-prometheus  Starting
 Container nexusshield-frontend  Started
 Container nexusshield-prometheus  Started
 Container nexusshield-grafana  Starting
 Container nexusshield-grafana  Started
[0;32m✓[0m Containers started
  Waiting for health checks...
[0;32m✓[0m 32 containers running

[0;34mStep 5: Initializing Database[0m
━━━━━━━━━━━━━━━━━━━━━━━━━━━━━━━━━━━━━━━━━━━━━━━━━━━━━━━━
  Waiting for PostgreSQL...
[0;32m✓[0m PostgreSQL ready

[0;34mStep 6: Verifying Integration[0m
━━━━━━━━━━━━━━━━━━━━━━━━━━━━━━━━━━━━━━━━━━━━━━━━━━━━━━━━
bash: scripts/phase6-integration-verify.sh: No such file or directory
