[0;34m[INFO][0m PHASE 1: Pre-flight checks
[0;32m[✓][0m gcloud CLI available
[0;32m[✓][0m Working directory: /home/akushnir/self-hosted-runner
[0;32m[✓][0m terraform available
[0;32m[✓][0m docker available
[0;32m[✓][0m git available
[0;34m[INFO][0m Validating credentials...
[1;33m[!][0m Credential validation incomplete; proceeding with fallback
[0;34m[INFO][0m PHASE 2: Unblocking external dependencies
[0;34m[INFO][0m → Enabling Secret Manager API...
[0;32m[✓][0m Secret Manager API enabled
[0;34m[INFO][0m → Verifying production secrets in Secret Manager...
[0;32m[✓][0m Secret exists: nexusshield-portal-db-connection-production
[0;32m[✓][0m Secret exists: nexusshield-portal-db-username-production
[1;33m[!][0m Secret missing: nexusshield-portal-db-password-production (will use env var fallback)
[1;33m[!][0m Secret missing: nexusshield-api-key-production (will use env var fallback)
[1;33m[!][0m Secret missing: nexusshield-jwt-secret-production (will use env var fallback)
[0;34m[INFO][0m → Attempting Private Service Access setup...
[1;33m[!][0m PSA not configured. Will use public IP for Cloud SQL as fallback.
[0;34m[INFO][0m → Verifying service account permissions...
[0;32m[✓][0m Role granted: roles/secretmanager.secretAccessor
[0;32m[✓][0m Role granted: roles/cloudsql.client
[0;32m[✓][0m Role granted: roles/logging.logWriter
[0;32m[✓][0m Role granted: roles/run.invoker
[0;32m[✓][0m Role granted: roles/artifactregistry.writer
[0;34m[INFO][0m PHASE 3: Deploying infrastructure with Terraform
[0;34m[INFO][0m → Setting up GCP authentication...
[0;32m[✓][0m Service account authentication configured
[0;34m[INFO][0m → Initializing Terraform...
should now work.

If you ever set or change modules or backend configuration for Terraform,
rerun this command to reinitialize your working directory. If you forget, other
commands will detect it and remind you to do so if necessary.[0m
[0;32m[✓][0m Terraform initialized
[0;34m[INFO][0m → Exporting Terraform variables...
[0;32m[✓][0m Terraform variables exported
[0;34m[INFO][0m → Running Terraform plan...
[31m╷[0m[0m
[31m│[0m [0m[1m[31mError: [0m[0m[1mError acquiring the state lock[0m
[31m│[0m [0m
[31m│[0m [0m[0mError message: resource temporarily unavailable
[31m│[0m [0mLock Info:
[31m│[0m [0m  ID:        b816cafd-f1cf-5600-875b-b71e37eb7f60
[31m│[0m [0m  Path:      terraform.tfstate
[31m│[0m [0m  Operation: OperationTypeApply
[31m│[0m [0m  Who:       akushnir@dev-elevatediq-2
[31m│[0m [0m  Version:   1.14.6
[31m│[0m [0m  Created:   2026-03-10 03:01:14.168382384 +0000 UTC
[31m│[0m [0m  Info:      
[31m│[0m [0m
[31m│[0m [0m
[31m│[0m [0mTerraform acquires a state lock to protect the state from being written
[31m│[0m [0mby multiple users at the same time. Please resolve the issue above and try
[31m│[0m [0magain. For most commands, you can disable locking with the "-lock=false"
[31m│[0m [0mflag, but this is not recommended.
[31m╵[0m[0m
[1;33m[!][0m Terraform plan completed with warnings; continuing
[0;34m[INFO][0m → Applying Terraform configuration...
[31m╷[0m[0m
[31m│[0m [0m[1m[31mError: [0m[0m[1mError acquiring the state lock[0m
[31m│[0m [0m
[31m│[0m [0m[0mError message: resource temporarily unavailable
[31m│[0m [0mLock Info:
[31m│[0m [0m  ID:        b816cafd-f1cf-5600-875b-b71e37eb7f60
[31m│[0m [0m  Path:      terraform.tfstate
[31m│[0m [0m  Operation: OperationTypeApply
[31m│[0m [0m  Who:       akushnir@dev-elevatediq-2
[31m│[0m [0m  Version:   1.14.6
[31m│[0m [0m  Created:   2026-03-10 03:01:14.168382384 +0000 UTC
[31m│[0m [0m  Info:      
[31m│[0m [0m
[31m│[0m [0m
[31m│[0m [0mTerraform acquires a state lock to protect the state from being written
[31m│[0m [0mby multiple users at the same time. Please resolve the issue above and try
[31m│[0m [0magain. For most commands, you can disable locking with the "-lock=false"
[31m│[0m [0mflag, but this is not recommended.
[31m╵[0m[0m
[0;31m[✗][0m Terraform apply failed. Check logs for details.
