[0;34m[INFO][0m PHASE 1: Pre-flight checks
[0;32m[✓][0m gcloud CLI available
[0;32m[✓][0m Working directory: /home/akushnir/self-hosted-runner
[0;32m[✓][0m terraform available
[0;32m[✓][0m docker available
[0;32m[✓][0m git available
[0;34m[INFO][0m Validating credentials...
[1;33m[!][0m Credential validation incomplete; proceeding with fallback
[0;34m[INFO][0m PHASE 2: Unblocking external dependencies
[0;34m[INFO][0m → Enabling Secret Manager API...
[0;32m[✓][0m Secret Manager API enabled
[0;34m[INFO][0m → Verifying production secrets in Secret Manager...
[0;32m[✓][0m Secret exists: nexusshield-portal-db-connection-production
[0;32m[✓][0m Secret exists: nexusshield-portal-db-username-production
[1;33m[!][0m Secret missing: nexusshield-portal-db-password-production (will use env var fallback)
[1;33m[!][0m Secret missing: nexusshield-api-key-production (will use env var fallback)
[1;33m[!][0m Secret missing: nexusshield-jwt-secret-production (will use env var fallback)
[0;34m[INFO][0m → Attempting Private Service Access setup...
[1;33m[!][0m PSA not configured. Will use public IP for Cloud SQL as fallback.
[0;34m[INFO][0m → Verifying service account permissions...
[0;32m[✓][0m Role granted: roles/secretmanager.secretAccessor
[0;32m[✓][0m Role granted: roles/cloudsql.client
[0;32m[✓][0m Role granted: roles/logging.logWriter
[0;32m[✓][0m Role granted: roles/run.invoker
[0;32m[✓][0m Role granted: roles/artifactregistry.writer
[0;34m[INFO][0m PHASE 3: Deploying infrastructure with Terraform
[0;34m[INFO][0m → Initializing Terraform...
[0;32m[✓][0m Terraform initialized
[0;34m[INFO][0m → Exporting Terraform variables...
[0;32m[✓][0m Terraform variables exported
[0;34m[INFO][0m → Running Terraform plan...

Terraform used the selected providers to generate the following execution
plan. Resource actions are indicated with the following symbols:
  [32m+[0m create[0m

Terraform planned the following actions, but then encountered a problem:

[1m  # random_id.database_suffix[0m will be created
[0m  [32m+[0m[0m resource "random_id" "database_suffix" {
      [32m+[0m[0m b64_std     = (known after apply)
      [32m+[0m[0m b64_url     = (known after apply)
      [32m+[0m[0m byte_length = 2
      [32m+[0m[0m dec         = (known after apply)
      [32m+[0m[0m hex         = (known after apply)
      [32m+[0m[0m id          = (known after apply)
    }

[1m  # random_password.db_password[0m will be created
[0m  [32m+[0m[0m resource "random_password" "db_password" {
      [32m+[0m[0m bcrypt_hash = (sensitive value)
      [32m+[0m[0m id          = (known after apply)
      [32m+[0m[0m length      = 32
      [32m+[0m[0m lower       = true
      [32m+[0m[0m min_lower   = 0
      [32m+[0m[0m min_numeric = 0
      [32m+[0m[0m min_special = 0
      [32m+[0m[0m min_upper   = 0
      [32m+[0m[0m number      = true
      [32m+[0m[0m numeric     = true
      [32m+[0m[0m result      = (sensitive value)
      [32m+[0m[0m special     = true
      [32m+[0m[0m upper       = true
    }

[1mPlan:[0m [0m2 to add, 0 to change, 0 to destroy.
[31m╷[0m[0m
[31m│[0m [0m[1m[31mError: [0m[0m[1mAttempted to load application default credentials since neither `credentials` nor `access_token` was set in the provider block.  No credentials loaded. To use your gcloud credentials, run 'gcloud auth application-default login'[0m
[31m│[0m [0m
[31m│[0m [0m[0m  with provider["registry.terraform.io/hashicorp/google"],
[31m│[0m [0m  on main.tf line 46, in provider "google":
[31m│[0m [0m  46: provider "google" [4m{[0m[0m
[31m│[0m [0m
[31m│[0m [0mgoogle: could not find default credentials. See
[31m│[0m [0mhttps://cloud.google.com/docs/authentication/external/set-up-adc for more
[31m│[0m [0minformation
[31m╵[0m[0m
[1;33m[!][0m Terraform plan completed with warnings; continuing
[0;34m[INFO][0m → Applying Terraform configuration...
[31m╷[0m[0m
[31m│[0m [0m[1m[31mError: [0m[0m[1mCannot apply incomplete plan[0m
[31m│[0m [0m
[31m│[0m [0m[0mTerraform encountered an error when generating this plan, so it cannot be
[31m│[0m [0mapplied.
[31m╵[0m[0m
[0;31m[✗][0m Terraform apply failed. Check logs for details.
