[0m[1mgoogle_project_iam_member.portal_backend_log_writer: Creating...[0m[0m
[0m[1mgoogle_project_iam_member.portal_backend_secret_reader: Creating...[0m[0m
[0m[1mgoogle_project_iam_member.portal_backend_sql_client: Creating...[0m[0m
[0m[1mgoogle_project_iam_member.portal_backend_network_user: Creating...[0m[0m
[0m[1mgoogle_project_iam_member.portal_backend_run_invoker: Creating...[0m[0m
[0m[1mgoogle_compute_global_address.psc_range: Creating...[0m[0m
[0m[1mgoogle_compute_subnetwork.private_subnet: Creating...[0m[0m
[0m[1mgoogle_secret_manager_secret.db_connection_string: Modifying... [id=projects/nexusshield-prod/secrets/nexusshield-portal-db-connection-production][0m[0m
[0m[1mgoogle_sql_database_instance.portal_db: Creating...[0m[0m
[0m[1mgoogle_secret_manager_secret.db_connection_string: Modifications complete after 0s [id=projects/nexusshield-prod/secrets/nexusshield-portal-db-connection-production][0m
[0m[1mgoogle_secret_manager_secret_iam_member.db_access: Creating...[0m[0m
[0m[1mgoogle_secret_manager_secret_iam_member.db_access: Creation complete after 4s [id=projects/nexusshield-prod/secrets/nexusshield-portal-db-connection-production/roles/secretmanager.secretAccessor/serviceAccount:nxs-portal-production@nexusshield-prod.iam.gserviceaccount.com][0m
[0m[1mgoogle_compute_global_address.psc_range: Still creating... [00m10s elapsed][0m[0m
[0m[1mgoogle_compute_global_address.psc_range: Creation complete after 11s [id=projects/nexusshield-prod/global/addresses/nexusshield-psc-range][0m
[0m[1mgoogle_service_networking_connection.portal_db_connection: Creating...[0m[0m
[33m╷[0m[0m
[33m│[0m [0m[1m[33mWarning: [0m[0m[1mArgument is deprecated[0m
[33m│[0m [0m
[33m│[0m [0m[0m  with google_sql_database_instance.portal_db,
[33m│[0m [0m  on main.tf line 232, in resource "google_sql_database_instance" "portal_db":
[33m│[0m [0m 232:       require_ssl     = [4mtrue[0m[0m
[33m│[0m [0m
[33m│[0m [0m`require_ssl` will be fully deprecated in a future major release. For now,
[33m│[0m [0mplease use `ssl_mode` with a compatible `require_ssl` value instead.
[33m╵[0m[0m
[31m╷[0m[0m
[31m│[0m [0m[1m[31mError: [0m[0m[1mError creating Subnetwork: googleapi: Error 409: The resource 'projects/nexusshield-prod/regions/us-central1/subnetworks/nexusshield-subnet-us-central1' already exists, alreadyExists[0m
[31m│[0m [0m
[31m│[0m [0m[0m  with google_compute_subnetwork.private_subnet,
[31m│[0m [0m  on main.tf line 67, in resource "google_compute_subnetwork" "private_subnet":
[31m│[0m [0m  67: resource "google_compute_subnetwork" "private_subnet" [4m{[0m[0m
[31m│[0m [0m
[31m╵[0m[0m
[31m╷[0m[0m
[31m│[0m [0m[1m[31mError: [0m[0m[1mgoogleapi: Error 403: Permission denied to add peering for service 'servicenetworking.googleapis.com'.
[31m│[0m [0mHelp Token: AerXPhU8FMnk6I4bPbn_XKrYVAJBrwPFRsxtqC2ecRE14cRpRITsOqGj8Q0GZIbHasMaejzkMqKtN29Fjl7ZTgGoQsiLF9ovIA-E91Ix2jxT4TEK
[31m│[0m [0mDetails:
[31m│[0m [0m[
[31m│[0m [0m  {
[31m│[0m [0m    "@type": "type.googleapis.com/google.rpc.PreconditionFailure",
[31m│[0m [0m    "violations": [
[31m│[0m [0m      {
[31m│[0m [0m        "subject": "110002",
[31m│[0m [0m        "type": "googleapis.com"
[31m│[0m [0m      }
[31m│[0m [0m    ]
[31m│[0m [0m  },
[31m│[0m [0m  {
[31m│[0m [0m    "@type": "type.googleapis.com/google.rpc.ErrorInfo",
[31m│[0m [0m    "domain": "servicenetworking.googleapis.com",
[31m│[0m [0m    "reason": "AUTH_PERMISSION_DENIED"
[31m│[0m [0m  }
[31m│[0m [0m]
[31m│[0m [0m, forbidden[0m
[31m│[0m [0m
[31m│[0m [0m[0m  with google_service_networking_connection.portal_db_connection,
[31m│[0m [0m  on main.tf line 85, in resource "google_service_networking_connection" "portal_db_connection":
[31m│[0m [0m  85: resource "google_service_networking_connection" "portal_db_connection" [4m{[0m[0m
[31m│[0m [0m
[31m╵[0m[0m
[31m╷[0m[0m
[31m│[0m [0m[1m[31mError: [0m[0m[1mRequest `Create IAM Members roles/run.invoker serviceAccount:nxs-portal-production@nexusshield-prod.iam.gserviceaccount.com for project "nexusshield-prod"` returned error: Batch request and retried single request "Create IAM Members roles/run.invoker serviceAccount:nxs-portal-production@nexusshield-prod.iam.gserviceaccount.com for project \"nexusshield-prod\"" both failed. Final error: Error applying IAM policy for project "nexusshield-prod": Error setting IAM policy for project "nexusshield-prod": googleapi: Error 403: Policy update access denied., forbidden[0m
[31m│[0m [0m
[31m│[0m [0m[0m  with google_project_iam_member.portal_backend_run_invoker,
[31m│[0m [0m  on main.tf line 168, in resource "google_project_iam_member" "portal_backend_run_invoker":
[31m│[0m [0m 168: resource "google_project_iam_member" "portal_backend_run_invoker" [4m{[0m[0m
[31m│[0m [0m
[31m╵[0m[0m
[31m╷[0m[0m
[31m│[0m [0m[1m[31mError: [0m[0m[1mRequest `Create IAM Members roles/secretmanager.secretAccessor serviceAccount:nxs-portal-production@nexusshield-prod.iam.gserviceaccount.com for project "nexusshield-prod"` returned error: Batch request and retried single request "Create IAM Members roles/secretmanager.secretAccessor serviceAccount:nxs-portal-production@nexusshield-prod.iam.gserviceaccount.com for project \"nexusshield-prod\"" both failed. Final error: Error applying IAM policy for project "nexusshield-prod": Error setting IAM policy for project "nexusshield-prod": googleapi: Error 403: Policy update access denied., forbidden[0m
[31m│[0m [0m
[31m│[0m [0m[0m  with google_project_iam_member.portal_backend_secret_reader,
[31m│[0m [0m  on main.tf line 175, in resource "google_project_iam_member" "portal_backend_secret_reader":
[31m│[0m [0m 175: resource "google_project_iam_member" "portal_backend_secret_reader" [4m{[0m[0m
[31m│[0m [0m
[31m╵[0m[0m
[31m╷[0m[0m
[31m│[0m [0m[1m[31mError: [0m[0m[1mRequest `Create IAM Members roles/cloudsql.client serviceAccount:nxs-portal-production@nexusshield-prod.iam.gserviceaccount.com for project "nexusshield-prod"` returned error: Batch request and retried single request "Create IAM Members roles/cloudsql.client serviceAccount:nxs-portal-production@nexusshield-prod.iam.gserviceaccount.com for project \"nexusshield-prod\"" both failed. Final error: Error applying IAM policy for project "nexusshield-prod": Error setting IAM policy for project "nexusshield-prod": googleapi: Error 403: Policy update access denied., forbidden[0m
[31m│[0m [0m
[31m│[0m [0m[0m  with google_project_iam_member.portal_backend_sql_client,
[31m│[0m [0m  on main.tf line 182, in resource "google_project_iam_member" "portal_backend_sql_client":
[31m│[0m [0m 182: resource "google_project_iam_member" "portal_backend_sql_client" [4m{[0m[0m
[31m│[0m [0m
[31m╵[0m[0m
[31m╷[0m[0m
[31m│[0m [0m[1m[31mError: [0m[0m[1mRequest `Create IAM Members roles/logging.logWriter serviceAccount:nxs-portal-production@nexusshield-prod.iam.gserviceaccount.com for project "nexusshield-prod"` returned error: Batch request and retried single request "Create IAM Members roles/logging.logWriter serviceAccount:nxs-portal-production@nexusshield-prod.iam.gserviceaccount.com for project \"nexusshield-prod\"" both failed. Final error: Error applying IAM policy for project "nexusshield-prod": Error setting IAM policy for project "nexusshield-prod": googleapi: Error 403: Policy update access denied., forbidden[0m
[31m│[0m [0m
[31m│[0m [0m[0m  with google_project_iam_member.portal_backend_log_writer,
[31m│[0m [0m  on main.tf line 189, in resource "google_project_iam_member" "portal_backend_log_writer":
[31m│[0m [0m 189: resource "google_project_iam_member" "portal_backend_log_writer" [4m{[0m[0m
[31m│[0m [0m
[31m╵[0m[0m
[31m╷[0m[0m
[31m│[0m [0m[1m[31mError: [0m[0m[1mRequest `Create IAM Members roles/compute.networkUser serviceAccount:nxs-portal-production@nexusshield-prod.iam.gserviceaccount.com for project "nexusshield-prod"` returned error: Batch request and retried single request "Create IAM Members roles/compute.networkUser serviceAccount:nxs-portal-production@nexusshield-prod.iam.gserviceaccount.com for project \"nexusshield-prod\"" both failed. Final error: Error applying IAM policy for project "nexusshield-prod": Error setting IAM policy for project "nexusshield-prod": googleapi: Error 403: Policy update access denied., forbidden[0m
[31m│[0m [0m
[31m│[0m [0m[0m  with google_project_iam_member.portal_backend_network_user,
[31m│[0m [0m  on main.tf line 196, in resource "google_project_iam_member" "portal_backend_network_user":
[31m│[0m [0m 196: resource "google_project_iam_member" "portal_backend_network_user" [4m{[0m[0m
[31m│[0m [0m
[31m╵[0m[0m
[31m╷[0m[0m
[31m│[0m [0m[1m[31mError: [0m[0m[1mError, failed to create instance because the network doesn't have at least 1 private services connection. Please see https://cloud.google.com/sql/docs/mysql/private-ip#network_requirements for how to create this connection.[0m
[31m│[0m [0m
[31m│[0m [0m[0m  with google_sql_database_instance.portal_db,
[31m│[0m [0m  on main.tf line 210, in resource "google_sql_database_instance" "portal_db":
[31m│[0m [0m 210: resource "google_sql_database_instance" "portal_db" [4m{[0m[0m
[31m│[0m [0m
[31m╵[0m[0m
