[0m[1mgoogle_project_iam_member.portal_backend_log_writer: Creating...[0m[0m
[0m[1mgoogle_project_iam_member.portal_backend_sql_client: Creating...[0m[0m
[0m[1mgoogle_project_iam_member.portal_backend_run_invoker: Creating...[0m[0m
[0m[1mgoogle_project_iam_member.portal_backend_network_user: Creating...[0m[0m
[0m[1mgoogle_service_networking_connection.portal_db_connection: Creating...[0m[0m
[0m[1mgoogle_project_iam_member.portal_backend_secret_reader: Creating...[0m[0m
[0m[1mgoogle_sql_database_instance.portal_db: Creating...[0m[0m
[0m[1mgoogle_project_iam_member.portal_backend_run_invoker: Creation complete after 8s [id=nexusshield-prod/roles/run.invoker/serviceAccount:nxs-portal-production@nexusshield-prod.iam.gserviceaccount.com][0m
[0m[1mgoogle_cloud_run_service.portal_backend: Creating...[0m[0m
[0m[1mgoogle_project_iam_member.portal_backend_network_user: Creation complete after 8s [id=nexusshield-prod/roles/compute.networkUser/serviceAccount:nxs-portal-production@nexusshield-prod.iam.gserviceaccount.com][0m
[0m[1mgoogle_project_iam_member.portal_backend_secret_reader: Creation complete after 8s [id=nexusshield-prod/roles/secretmanager.secretAccessor/serviceAccount:nxs-portal-production@nexusshield-prod.iam.gserviceaccount.com][0m
[0m[1mgoogle_project_iam_member.portal_backend_log_writer: Creation complete after 8s [id=nexusshield-prod/roles/logging.logWriter/serviceAccount:nxs-portal-production@nexusshield-prod.iam.gserviceaccount.com][0m
[0m[1mgoogle_project_iam_member.portal_backend_sql_client: Creation complete after 8s [id=nexusshield-prod/roles/cloudsql.client/serviceAccount:nxs-portal-production@nexusshield-prod.iam.gserviceaccount.com][0m
[0m[1mgoogle_service_networking_connection.portal_db_connection: Still creating... [00m10s elapsed][0m[0m
[0m[1mgoogle_cloud_run_service.portal_backend: Still creating... [00m10s elapsed][0m[0m
[0m[1mgoogle_cloud_run_service.portal_backend: Still creating... [00m20s elapsed][0m[0m
[0m[1mgoogle_cloud_run_service.portal_backend: Still creating... [00m30s elapsed][0m[0m
[0m[1mgoogle_cloud_run_service.portal_backend: Still creating... [00m40s elapsed][0m[0m
[0m[1mgoogle_cloud_run_service.portal_backend: Still creating... [00m50s elapsed][0m[0m
[0m[1mgoogle_cloud_run_service.portal_backend: Still creating... [01m00s elapsed][0m[0m
[0m[1mgoogle_cloud_run_service.portal_backend: Still creating... [01m10s elapsed][0m[0m
[0m[1mgoogle_cloud_run_service.portal_backend: Still creating... [01m20s elapsed][0m[0m
[0m[1mgoogle_cloud_run_service.portal_backend: Still creating... [01m30s elapsed][0m[0m
[0m[1mgoogle_cloud_run_service.portal_backend: Still creating... [01m40s elapsed][0m[0m
[0m[1mgoogle_cloud_run_service.portal_backend: Still creating... [01m50s elapsed][0m[0m
[0m[1mgoogle_cloud_run_service.portal_backend: Still creating... [02m00s elapsed][0m[0m
[0m[1mgoogle_cloud_run_service.portal_backend: Still creating... [02m10s elapsed][0m[0m
[0m[1mgoogle_cloud_run_service.portal_backend: Still creating... [02m20s elapsed][0m[0m
[0m[1mgoogle_cloud_run_service.portal_backend: Still creating... [02m30s elapsed][0m[0m
[0m[1mgoogle_cloud_run_service.portal_backend: Still creating... [02m40s elapsed][0m[0m
[0m[1mgoogle_cloud_run_service.portal_backend: Still creating... [02m50s elapsed][0m[0m
[0m[1mgoogle_cloud_run_service.portal_backend: Still creating... [03m00s elapsed][0m[0m
[0m[1mgoogle_cloud_run_service.portal_backend: Still creating... [03m10s elapsed][0m[0m
[0m[1mgoogle_cloud_run_service.portal_backend: Still creating... [03m20s elapsed][0m[0m
[0m[1mgoogle_cloud_run_service.portal_backend: Still creating... [03m30s elapsed][0m[0m
[0m[1mgoogle_cloud_run_service.portal_backend: Still creating... [03m40s elapsed][0m[0m
[0m[1mgoogle_cloud_run_service.portal_backend: Still creating... [03m50s elapsed][0m[0m
[0m[1mgoogle_cloud_run_service.portal_backend: Still creating... [04m00s elapsed][0m[0m
