[0m[1mrandom_id.database_suffix: Refreshing state... [id=5nw][0m
[0m[1mrandom_password.db_password: Refreshing state... [id=none][0m

Terraform used the selected providers to generate the following execution
plan. Resource actions are indicated with the following symbols:
  [32m+[0m create[0m

Terraform will perform the following actions:

[1m  # google_artifact_registry_repository.portal_repo[0m will be created
[0m  [32m+[0m[0m resource "google_artifact_registry_repository" "portal_repo" {
      [32m+[0m[0m create_time      = (known after apply)
      [32m+[0m[0m description      = "Docker repository for NexusShield portal backend"
      [32m+[0m[0m effective_labels = (known after apply)
      [32m+[0m[0m format           = "DOCKER"
      [32m+[0m[0m id               = (known after apply)
      [32m+[0m[0m location         = "us-central1"
      [32m+[0m[0m mode             = "STANDARD_REPOSITORY"
      [32m+[0m[0m name             = (known after apply)
      [32m+[0m[0m project          = "nexusshield-prod"
      [32m+[0m[0m repository_id    = "portal-backend-repo"
      [32m+[0m[0m terraform_labels = (known after apply)
      [32m+[0m[0m update_time      = (known after apply)
    }

[1m  # google_cloud_run_service.portal_backend[0m will be created
[0m  [32m+[0m[0m resource "google_cloud_run_service" "portal_backend" {
      [32m+[0m[0m autogenerate_revision_name = false
      [32m+[0m[0m id                         = (known after apply)
      [32m+[0m[0m location                   = "us-central1"
      [32m+[0m[0m name                       = "nexusshield-portal-backend-production"
      [32m+[0m[0m project                    = "nexusshield-prod"
      [32m+[0m[0m status                     = (known after apply)

      [32m+[0m[0m metadata (known after apply)

      [32m+[0m[0m template {
          [32m+[0m[0m metadata {
              [32m+[0m[0m annotations      = {
                  [32m+[0m[0m "autoscaling.knative.dev/maxScale" = "100"
                  [32m+[0m[0m "autoscaling.knative.dev/minScale" = "1"
                }
              [32m+[0m[0m generation       = (known after apply)
              [32m+[0m[0m labels           = (known after apply)
              [32m+[0m[0m name             = (known after apply)
              [32m+[0m[0m namespace        = (known after apply)
              [32m+[0m[0m resource_version = (known after apply)
              [32m+[0m[0m self_link        = (known after apply)
              [32m+[0m[0m uid              = (known after apply)
            }
          [32m+[0m[0m spec {
              [32m+[0m[0m container_concurrency = (known after apply)
              [32m+[0m[0m service_account_name  = "nxs-portal-production-v2@nexusshield-prod.iam.gserviceaccount.com"
              [32m+[0m[0m serving_state         = (known after apply)
              [32m+[0m[0m timeout_seconds       = 1800

              [32m+[0m[0m containers {
                  [32m+[0m[0m image = "gcr.io/nexusshield-prod/portal-backend:latest"
                  [32m+[0m[0m name  = (known after apply)

                  [32m+[0m[0m env {
                      [32m+[0m[0m name  = "AUDIT_LOG_PATH"
                      [32m+[0m[0m value = "/var/log/nexusshield-audit.jsonl"
                    }
                  [32m+[0m[0m env {
                      [32m+[0m[0m name  = "DATABASE_URL"
                        [90m# (1 unchanged attribute hidden)[0m[0m

                      [32m+[0m[0m value_from {
                          [32m+[0m[0m secret_key_ref {
                              [32m+[0m[0m key  = "latest"
                              [32m+[0m[0m name = "nexusshield-portal-db-connection-production"
                            }
                        }
                    }
                  [32m+[0m[0m env {
                      [32m+[0m[0m name  = "GCP_PROJECT_ID"
                      [32m+[0m[0m value = "nexusshield-prod"
                    }
                  [32m+[0m[0m env {
                      [32m+[0m[0m name  = "NODE_ENV"
                      [32m+[0m[0m value = "production"
                    }

                  [32m+[0m[0m ports {
                      [32m+[0m[0m container_port = 3000
                      [32m+[0m[0m name           = (known after apply)
                    }

                  [32m+[0m[0m resources {
                      [32m+[0m[0m limits   = {
                          [32m+[0m[0m "cpu"    = "2"
                          [32m+[0m[0m "memory" = "2Gi"
                        }
                      [32m+[0m[0m requests = {
                          [32m+[0m[0m "cpu"    = "1"
                          [32m+[0m[0m "memory" = "512Mi"
                        }
                    }

                  [32m+[0m[0m startup_probe (known after apply)
                }
            }
        }

      [32m+[0m[0m traffic {
          [32m+[0m[0m latest_revision = true
          [32m+[0m[0m percent         = 100
          [32m+[0m[0m url             = (known after apply)
        }
    }

[1m  # google_compute_network.portal_vpc[0m will be created
[0m  [32m+[0m[0m resource "google_compute_network" "portal_vpc" {
      [32m+[0m[0m auto_create_subnetworks                   = false
      [32m+[0m[0m delete_default_routes_on_create           = false
      [32m+[0m[0m gateway_ipv4                              = (known after apply)
      [32m+[0m[0m id                                        = (known after apply)
      [32m+[0m[0m internal_ipv6_range                       = (known after apply)
      [32m+[0m[0m mtu                                       = (known after apply)
      [32m+[0m[0m name                                      = "nexusshield-vpc"
      [32m+[0m[0m network_firewall_policy_enforcement_order = "AFTER_CLASSIC_FIREWALL"
      [32m+[0m[0m numeric_id                                = (known after apply)
      [32m+[0m[0m project                                   = "nexusshield-prod"
      [32m+[0m[0m routing_mode                              = (known after apply)
      [32m+[0m[0m self_link                                 = (known after apply)
    }

[1m  # google_compute_subnetwork.private_subnet[0m will be created
[0m  [32m+[0m[0m resource "google_compute_subnetwork" "private_subnet" {
      [32m+[0m[0m creation_timestamp         = (known after apply)
      [32m+[0m[0m external_ipv6_prefix       = (known after apply)
      [32m+[0m[0m fingerprint                = (known after apply)
      [32m+[0m[0m gateway_address            = (known after apply)
      [32m+[0m[0m id                         = (known after apply)
      [32m+[0m[0m internal_ipv6_prefix       = (known after apply)
      [32m+[0m[0m ip_cidr_range              = "10.40.0.0/20"
      [32m+[0m[0m ipv6_cidr_range            = (known after apply)
      [32m+[0m[0m name                       = "nexusshield-subnet-us-central1"
      [32m+[0m[0m network                    = (known after apply)
      [32m+[0m[0m private_ip_google_access   = true
      [32m+[0m[0m private_ipv6_google_access = (known after apply)
      [32m+[0m[0m project                    = "nexusshield-prod"
      [32m+[0m[0m purpose                    = (known after apply)
      [32m+[0m[0m region                     = "us-central1"
      [32m+[0m[0m secondary_ip_range         = (known after apply)
      [32m+[0m[0m self_link                  = (known after apply)
      [32m+[0m[0m stack_type                 = (known after apply)
    }

[1m  # google_project_iam_member.portal_backend_log_writer[0m will be created
[0m  [32m+[0m[0m resource "google_project_iam_member" "portal_backend_log_writer" {
      [32m+[0m[0m etag    = (known after apply)
      [32m+[0m[0m id      = (known after apply)
      [32m+[0m[0m member  = (known after apply)
      [32m+[0m[0m project = "nexusshield-prod"
      [32m+[0m[0m role    = "roles/logging.logWriter"
    }

[1m  # google_project_iam_member.portal_backend_network_user[0m will be created
[0m  [32m+[0m[0m resource "google_project_iam_member" "portal_backend_network_user" {
      [32m+[0m[0m etag    = (known after apply)
      [32m+[0m[0m id      = (known after apply)
      [32m+[0m[0m member  = (known after apply)
      [32m+[0m[0m project = "nexusshield-prod"
      [32m+[0m[0m role    = "roles/compute.networkUser"
    }

[1m  # google_project_iam_member.portal_backend_run_invoker[0m will be created
[0m  [32m+[0m[0m resource "google_project_iam_member" "portal_backend_run_invoker" {
      [32m+[0m[0m etag    = (known after apply)
      [32m+[0m[0m id      = (known after apply)
      [32m+[0m[0m member  = (known after apply)
      [32m+[0m[0m project = "nexusshield-prod"
      [32m+[0m[0m role    = "roles/run.invoker"
    }

[1m  # google_project_iam_member.portal_backend_secret_reader[0m will be created
[0m  [32m+[0m[0m resource "google_project_iam_member" "portal_backend_secret_reader" {
      [32m+[0m[0m etag    = (known after apply)
      [32m+[0m[0m id      = (known after apply)
      [32m+[0m[0m member  = (known after apply)
      [32m+[0m[0m project = "nexusshield-prod"
      [32m+[0m[0m role    = "roles/secretmanager.secretAccessor"
    }

[1m  # google_project_iam_member.portal_backend_sql_client[0m will be created
[0m  [32m+[0m[0m resource "google_project_iam_member" "portal_backend_sql_client" {
      [32m+[0m[0m etag    = (known after apply)
      [32m+[0m[0m id      = (known after apply)
      [32m+[0m[0m member  = (known after apply)
      [32m+[0m[0m project = "nexusshield-prod"
      [32m+[0m[0m role    = "roles/cloudsql.client"
    }

[1m  # google_secret_manager_secret.db_connection_string[0m will be created
[0m  [32m+[0m[0m resource "google_secret_manager_secret" "db_connection_string" {
      [32m+[0m[0m create_time           = (known after apply)
      [32m+[0m[0m effective_annotations = (known after apply)
      [32m+[0m[0m effective_labels      = {
          [32m+[0m[0m "application" = "nexusshield-portal"
          [32m+[0m[0m "environment" = "production"
          [32m+[0m[0m "managed-by"  = "terraform"
        }
      [32m+[0m[0m expire_time           = (known after apply)
      [32m+[0m[0m id                    = (known after apply)
      [32m+[0m[0m labels                = {
          [32m+[0m[0m "application" = "nexusshield-portal"
          [32m+[0m[0m "environment" = "production"
          [32m+[0m[0m "managed-by"  = "terraform"
        }
      [32m+[0m[0m name                  = (known after apply)
      [32m+[0m[0m project               = "nexusshield-prod"
      [32m+[0m[0m secret_id             = "nexusshield-portal-db-connection-production"
      [32m+[0m[0m terraform_labels      = {
          [32m+[0m[0m "application" = "nexusshield-portal"
          [32m+[0m[0m "environment" = "production"
          [32m+[0m[0m "managed-by"  = "terraform"
        }

      [32m+[0m[0m replication {
          [32m+[0m[0m user_managed {
              [32m+[0m[0m replicas {
                  [32m+[0m[0m location = "us-central1"
                }
            }
        }
    }

[1m  # google_secret_manager_secret_iam_member.db_access[0m will be created
[0m  [32m+[0m[0m resource "google_secret_manager_secret_iam_member" "db_access" {
      [32m+[0m[0m etag      = (known after apply)
      [32m+[0m[0m id        = (known after apply)
      [32m+[0m[0m member    = (known after apply)
      [32m+[0m[0m project   = (known after apply)
      [32m+[0m[0m role      = "roles/secretmanager.secretAccessor"
      [32m+[0m[0m secret_id = (known after apply)
    }

[1m  # google_secret_manager_secret_version.db_connection_string[0m will be created
[0m  [32m+[0m[0m resource "google_secret_manager_secret_version" "db_connection_string" {
      [32m+[0m[0m create_time           = (known after apply)
      [32m+[0m[0m deletion_policy       = "DELETE"
      [32m+[0m[0m destroy_time          = (known after apply)
      [32m+[0m[0m enabled               = true
      [32m+[0m[0m id                    = (known after apply)
      [32m+[0m[0m is_secret_data_base64 = false
      [32m+[0m[0m name                  = (known after apply)
      [32m+[0m[0m secret                = (known after apply)
      [32m+[0m[0m secret_data           = (sensitive value)
      [32m+[0m[0m version               = (known after apply)
    }

[1m  # google_service_account.portal_backend[0m will be created
[0m  [32m+[0m[0m resource "google_service_account" "portal_backend" {
      [32m+[0m[0m account_id   = "nxs-portal-production"
      [32m+[0m[0m description  = "Service account for NexusShield portal backend API"
      [32m+[0m[0m disabled     = false
      [32m+[0m[0m display_name = "NexusShield Portal Backend (production)"
      [32m+[0m[0m email        = (known after apply)
      [32m+[0m[0m id           = (known after apply)
      [32m+[0m[0m member       = (known after apply)
      [32m+[0m[0m name         = (known after apply)
      [32m+[0m[0m project      = "nexusshield-prod"
      [32m+[0m[0m unique_id    = (known after apply)
    }

[1m  # google_sql_database.portal_db_schema[0m will be created
[0m  [32m+[0m[0m resource "google_sql_database" "portal_db_schema" {
      [32m+[0m[0m charset         = (known after apply)
      [32m+[0m[0m collation       = (known after apply)
      [32m+[0m[0m deletion_policy = "DELETE"
      [32m+[0m[0m id              = (known after apply)
      [32m+[0m[0m instance        = "nexusshield-portal-db-e67c"
      [32m+[0m[0m name            = "nexusshield_portal"
      [32m+[0m[0m project         = "nexusshield-prod"
      [32m+[0m[0m self_link       = (known after apply)
    }

[1m  # google_sql_database_instance.portal_db[0m will be created
[0m  [32m+[0m[0m resource "google_sql_database_instance" "portal_db" {
      [32m+[0m[0m available_maintenance_versions = (known after apply)
      [32m+[0m[0m connection_name                = (known after apply)
      [32m+[0m[0m database_version               = "POSTGRES_15"
      [32m+[0m[0m deletion_protection            = true
      [32m+[0m[0m dns_name                       = (known after apply)
      [32m+[0m[0m encryption_key_name            = (known after apply)
      [32m+[0m[0m first_ip_address               = (known after apply)
      [32m+[0m[0m id                             = (known after apply)
      [32m+[0m[0m instance_type                  = (known after apply)
      [32m+[0m[0m ip_address                     = (known after apply)
      [32m+[0m[0m maintenance_version            = (known after apply)
      [32m+[0m[0m master_instance_name           = (known after apply)
      [32m+[0m[0m name                           = "nexusshield-portal-db-e67c"
      [32m+[0m[0m private_ip_address             = (known after apply)
      [32m+[0m[0m project                        = "nexusshield-prod"
      [32m+[0m[0m psc_service_attachment_link    = (known after apply)
      [32m+[0m[0m public_ip_address              = (known after apply)
      [32m+[0m[0m region                         = "us-central1"
      [32m+[0m[0m self_link                      = (known after apply)
      [32m+[0m[0m server_ca_cert                 = (sensitive value)
      [32m+[0m[0m service_account_email_address  = (known after apply)

      [32m+[0m[0m replica_configuration (known after apply)

      [32m+[0m[0m settings {
          [32m+[0m[0m activation_policy     = "ALWAYS"
          [32m+[0m[0m availability_type     = "ZONAL"
          [32m+[0m[0m connector_enforcement = (known after apply)
          [32m+[0m[0m disk_autoresize       = true
          [32m+[0m[0m disk_autoresize_limit = 0
          [32m+[0m[0m disk_size             = (known after apply)
          [32m+[0m[0m disk_type             = "PD_SSD"
          [32m+[0m[0m edition               = "ENTERPRISE"
          [32m+[0m[0m pricing_plan          = "PER_USE"
          [32m+[0m[0m tier                  = "db-f1-micro"
          [32m+[0m[0m user_labels           = {
              [32m+[0m[0m "application" = "nexusshield-portal"
              [32m+[0m[0m "environment" = "production"
              [32m+[0m[0m "managed-by"  = "terraform"
            }
          [32m+[0m[0m version               = (known after apply)

          [32m+[0m[0m backup_configuration {
              [32m+[0m[0m enabled                        = true
              [32m+[0m[0m point_in_time_recovery_enabled = true
              [32m+[0m[0m start_time                     = "03:00"
              [32m+[0m[0m transaction_log_retention_days = 7

              [32m+[0m[0m backup_retention_settings (known after apply)
            }

          [32m+[0m[0m insights_config {
              [32m+[0m[0m query_insights_enabled  = true
              [32m+[0m[0m query_plans_per_minute  = (known after apply)
              [32m+[0m[0m query_string_length     = 1024
              [32m+[0m[0m record_application_tags = false
            }

          [32m+[0m[0m ip_configuration {
              [32m+[0m[0m ipv4_enabled   = true
              [32m+[0m[0m require_ssl    = true
              [32m+[0m[0m server_ca_mode = (known after apply)
              [32m+[0m[0m ssl_mode       = (known after apply)
            }

          [32m+[0m[0m location_preference (known after apply)
        }
    }

[1m  # google_sql_user.portal_db_user[0m will be created
[0m  [32m+[0m[0m resource "google_sql_user" "portal_db_user" {
      [32m+[0m[0m host                    = (known after apply)
      [32m+[0m[0m id                      = (known after apply)
      [32m+[0m[0m instance                = "nexusshield-portal-db-e67c"
      [32m+[0m[0m name                    = "nexusshield_app"
      [32m+[0m[0m password                = (sensitive value)
      [32m+[0m[0m project                 = "nexusshield-prod"
      [32m+[0m[0m sql_server_user_details = (known after apply)
    }

[1mPlan:[0m [0m16 to add, 0 to change, 0 to destroy.

Changes to Outputs:
  [32m+[0m[0m database_instance     = (known after apply)
  [32m+[0m[0m portal_backend_url    = (known after apply)
  [32m+[0m[0m service_account_email = (known after apply)
[33m╷[0m[0m
[33m│[0m [0m[1m[33mWarning: [0m[0m[1mArgument is deprecated[0m
[33m│[0m [0m
[33m│[0m [0m[0m  with google_sql_database_instance.portal_db,
[33m│[0m [0m  on main.tf line 236, in resource "google_sql_database_instance" "portal_db":
[33m│[0m [0m 236:       require_ssl     = [4mtrue[0m[0m
[33m│[0m [0m
[33m│[0m [0m`require_ssl` will be fully deprecated in a future major release. For now,
[33m│[0m [0mplease use `ssl_mode` with a compatible `require_ssl` value instead.
[33m╵[0m[0m
[90m
─────────────────────────────────────────────────────────────────────────────[0m

Saved the plan to: tfplan

To perform exactly these actions, run the following command to apply:
    terraform apply "tfplan"
