nohup: ignoring input
[0m[1mrandom_id.database_suffix: Refreshing state... [id=5nw][0m
[0m[1mrandom_password.db_password: Refreshing state... [id=none][0m
[0m[1mgoogle_service_account.portal_backend: Refreshing state... [id=projects/nexusshield-prod/serviceAccounts/nxs-portal-production@nexusshield-prod.iam.gserviceaccount.com][0m
[0m[1mgoogle_compute_network.portal_vpc: Refreshing state... [id=projects/nexusshield-prod/global/networks/nexusshield-vpc][0m
[0m[1mgoogle_secret_manager_secret.db_connection_string: Refreshing state... [id=projects/nexusshield-prod/secrets/nexusshield-portal-db-connection-production][0m
[0m[1mgoogle_artifact_registry_repository.portal_repo: Refreshing state... [id=projects/nexusshield-prod/locations/us-central1/repositories/portal-backend-repo][0m
[0m[1mgoogle_project_iam_member.portal_backend_network_user: Refreshing state... [id=nexusshield-prod/roles/compute.networkUser/serviceAccount:nxs-portal-production@nexusshield-prod.iam.gserviceaccount.com][0m
[0m[1mgoogle_project_iam_member.portal_backend_sql_client: Refreshing state... [id=nexusshield-prod/roles/cloudsql.client/serviceAccount:nxs-portal-production@nexusshield-prod.iam.gserviceaccount.com][0m
[0m[1mgoogle_project_iam_member.portal_backend_run_invoker: Refreshing state... [id=nexusshield-prod/roles/run.invoker/serviceAccount:nxs-portal-production@nexusshield-prod.iam.gserviceaccount.com][0m
[0m[1mgoogle_project_iam_member.portal_backend_log_writer: Refreshing state... [id=nexusshield-prod/roles/logging.logWriter/serviceAccount:nxs-portal-production@nexusshield-prod.iam.gserviceaccount.com][0m
[0m[1mgoogle_project_iam_member.portal_backend_secret_reader: Refreshing state... [id=nexusshield-prod/roles/secretmanager.secretAccessor/serviceAccount:nxs-portal-production@nexusshield-prod.iam.gserviceaccount.com][0m
[0m[1mgoogle_secret_manager_secret_iam_member.db_access: Refreshing state... [id=projects/nexusshield-prod/secrets/nexusshield-portal-db-connection-production/roles/secretmanager.secretAccessor/serviceAccount:nxs-portal-production@nexusshield-prod.iam.gserviceaccount.com][0m
[0m[1mgoogle_compute_subnetwork.private_subnet: Refreshing state... [id=projects/nexusshield-prod/regions/us-central1/subnetworks/nexusshield-subnet-us-central1][0m

Terraform used the selected providers to generate the following execution
plan. Resource actions are indicated with the following symbols:
  [32m+[0m create[0m

Terraform will perform the following actions:

[1m  # google_cloud_run_service.portal_backend[0m will be created
[0m  [32m+[0m[0m resource "google_cloud_run_service" "portal_backend" {
      [32m+[0m[0m autogenerate_revision_name = false
      [32m+[0m[0m id                         = (known after apply)
      [32m+[0m[0m location                   = "us-central1"
      [32m+[0m[0m name                       = "nexusshield-portal-backend-production"
      [32m+[0m[0m project                    = "nexusshield-prod"
      [32m+[0m[0m status                     = (known after apply)

      [32m+[0m[0m metadata (known after apply)

      [32m+[0m[0m template {
          [32m+[0m[0m metadata {
              [32m+[0m[0m annotations      = {
                  [32m+[0m[0m "autoscaling.knative.dev/maxScale" = "100"
                  [32m+[0m[0m "autoscaling.knative.dev/minScale" = "1"
                }
              [32m+[0m[0m generation       = (known after apply)
              [32m+[0m[0m labels           = (known after apply)
              [32m+[0m[0m name             = (known after apply)
              [32m+[0m[0m namespace        = (known after apply)
              [32m+[0m[0m resource_version = (known after apply)
              [32m+[0m[0m self_link        = (known after apply)
              [32m+[0m[0m uid              = (known after apply)
            }
          [32m+[0m[0m spec {
              [32m+[0m[0m container_concurrency = (known after apply)
              [32m+[0m[0m service_account_name  = "nxs-portal-production-v2@nexusshield-prod.iam.gserviceaccount.com"
              [32m+[0m[0m serving_state         = (known after apply)
              [32m+[0m[0m timeout_seconds       = 1800

              [32m+[0m[0m containers {
                  [32m+[0m[0m image = "gcr.io/nexusshield-prod/portal-backend:latest"
                  [32m+[0m[0m name  = (known after apply)

                  [32m+[0m[0m env {
                      [32m+[0m[0m name  = "AUDIT_LOG_PATH"
                      [32m+[0m[0m value = "/var/log/nexusshield-audit.jsonl"
                    }
                  [32m+[0m[0m env {
                      [32m+[0m[0m name  = "DATABASE_URL"
                        [90m# (1 unchanged attribute hidden)[0m[0m

                      [32m+[0m[0m value_from {
                          [32m+[0m[0m secret_key_ref {
                              [32m+[0m[0m key  = "latest"
                              [32m+[0m[0m name = "nexusshield-portal-db-connection-production"
                            }
                        }
                    }
                  [32m+[0m[0m env {
                      [32m+[0m[0m name  = "GCP_PROJECT_ID"
                      [32m+[0m[0m value = "nexusshield-prod"
                    }
                  [32m+[0m[0m env {
                      [32m+[0m[0m name  = "NODE_ENV"
                      [32m+[0m[0m value = "production"
                    }

                  [32m+[0m[0m ports {
                      [32m+[0m[0m container_port = 3000
                      [32m+[0m[0m name           = (known after apply)
                    }

                  [32m+[0m[0m resources {
                      [32m+[0m[0m limits   = {
                          [32m+[0m[0m "cpu"    = "2"
                          [32m+[0m[0m "memory" = "2Gi"
                        }
                      [32m+[0m[0m requests = {
                          [32m+[0m[0m "cpu"    = "1"
                          [32m+[0m[0m "memory" = "512Mi"
                        }
                    }

                  [32m+[0m[0m startup_probe (known after apply)
                }
            }
        }

      [32m+[0m[0m traffic {
          [32m+[0m[0m latest_revision = true
          [32m+[0m[0m percent         = 100
          [32m+[0m[0m url             = (known after apply)
        }
    }

[1m  # google_secret_manager_secret_version.db_connection_string[0m will be created
[0m  [32m+[0m[0m resource "google_secret_manager_secret_version" "db_connection_string" {
      [32m+[0m[0m create_time           = (known after apply)
      [32m+[0m[0m deletion_policy       = "DELETE"
      [32m+[0m[0m destroy_time          = (known after apply)
      [32m+[0m[0m enabled               = true
      [32m+[0m[0m id                    = (known after apply)
      [32m+[0m[0m is_secret_data_base64 = false
      [32m+[0m[0m name                  = (known after apply)
      [32m+[0m[0m secret                = "projects/nexusshield-prod/secrets/nexusshield-portal-db-connection-production"
      [32m+[0m[0m secret_data           = (sensitive value)
      [32m+[0m[0m version               = (known after apply)
    }

[1m  # google_sql_database.portal_db_schema[0m will be created
[0m  [32m+[0m[0m resource "google_sql_database" "portal_db_schema" {
      [32m+[0m[0m charset         = (known after apply)
      [32m+[0m[0m collation       = (known after apply)
      [32m+[0m[0m deletion_policy = "DELETE"
      [32m+[0m[0m id              = (known after apply)
      [32m+[0m[0m instance        = "nexusshield-portal-db-e67c"
      [32m+[0m[0m name            = "nexusshield_portal"
      [32m+[0m[0m project         = "nexusshield-prod"
      [32m+[0m[0m self_link       = (known after apply)
    }

[1m  # google_sql_database_instance.portal_db[0m will be created
[0m  [32m+[0m[0m resource "google_sql_database_instance" "portal_db" {
      [32m+[0m[0m available_maintenance_versions = (known after apply)
      [32m+[0m[0m connection_name                = (known after apply)
      [32m+[0m[0m database_version               = "POSTGRES_15"
      [32m+[0m[0m deletion_protection            = true
      [32m+[0m[0m dns_name                       = (known after apply)
      [32m+[0m[0m encryption_key_name            = (known after apply)
      [32m+[0m[0m first_ip_address               = (known after apply)
      [32m+[0m[0m id                             = (known after apply)
      [32m+[0m[0m instance_type                  = (known after apply)
      [32m+[0m[0m ip_address                     = (known after apply)
      [32m+[0m[0m maintenance_version            = (known after apply)
      [32m+[0m[0m master_instance_name           = (known after apply)
      [32m+[0m[0m name                           = "nexusshield-portal-db-e67c"
      [32m+[0m[0m private_ip_address             = (known after apply)
      [32m+[0m[0m project                        = "nexusshield-prod"
      [32m+[0m[0m psc_service_attachment_link    = (known after apply)
      [32m+[0m[0m public_ip_address              = (known after apply)
      [32m+[0m[0m region                         = "us-central1"
      [32m+[0m[0m self_link                      = (known after apply)
      [32m+[0m[0m server_ca_cert                 = (sensitive value)
      [32m+[0m[0m service_account_email_address  = (known after apply)

      [32m+[0m[0m replica_configuration (known after apply)

      [32m+[0m[0m settings {
          [32m+[0m[0m activation_policy     = "ALWAYS"
          [32m+[0m[0m availability_type     = "ZONAL"
          [32m+[0m[0m connector_enforcement = (known after apply)
          [32m+[0m[0m disk_autoresize       = true
          [32m+[0m[0m disk_autoresize_limit = 0
          [32m+[0m[0m disk_size             = (known after apply)
          [32m+[0m[0m disk_type             = "PD_SSD"
          [32m+[0m[0m edition               = "ENTERPRISE"
          [32m+[0m[0m pricing_plan          = "PER_USE"
          [32m+[0m[0m tier                  = "db-f1-micro"
          [32m+[0m[0m user_labels           = {
              [32m+[0m[0m "application" = "nexusshield-portal"
              [32m+[0m[0m "environment" = "production"
              [32m+[0m[0m "managed-by"  = "terraform"
            }
          [32m+[0m[0m version               = (known after apply)

          [32m+[0m[0m backup_configuration {
              [32m+[0m[0m enabled                        = true
              [32m+[0m[0m point_in_time_recovery_enabled = true
              [32m+[0m[0m start_time                     = "03:00"
              [32m+[0m[0m transaction_log_retention_days = 7

              [32m+[0m[0m backup_retention_settings (known after apply)
            }

          [32m+[0m[0m insights_config {
              [32m+[0m[0m query_insights_enabled  = true
              [32m+[0m[0m query_plans_per_minute  = (known after apply)
              [32m+[0m[0m query_string_length     = 1024
              [32m+[0m[0m record_application_tags = false
            }

          [32m+[0m[0m ip_configuration {
              [32m+[0m[0m ipv4_enabled   = true
              [32m+[0m[0m require_ssl    = true
              [32m+[0m[0m server_ca_mode = (known after apply)
              [32m+[0m[0m ssl_mode       = (known after apply)
            }

          [32m+[0m[0m location_preference (known after apply)
        }
    }

[1m  # google_sql_user.portal_db_user[0m will be created
[0m  [32m+[0m[0m resource "google_sql_user" "portal_db_user" {
      [32m+[0m[0m host                    = (known after apply)
      [32m+[0m[0m id                      = (known after apply)
      [32m+[0m[0m instance                = "nexusshield-portal-db-e67c"
      [32m+[0m[0m name                    = "nexusshield_app"
      [32m+[0m[0m password                = (sensitive value)
      [32m+[0m[0m project                 = "nexusshield-prod"
      [32m+[0m[0m sql_server_user_details = (known after apply)
    }

[1mPlan:[0m [0m5 to add, 0 to change, 0 to destroy.

Changes to Outputs:
  [32m+[0m[0m database_instance     = (known after apply)
  [32m+[0m[0m portal_backend_url    = (known after apply)
[0m[1mgoogle_sql_database_instance.portal_db: Creating...[0m[0m
[0m[1mgoogle_cloud_run_service.portal_backend: Creating...[0m[0m
[0m[1mgoogle_cloud_run_service.portal_backend: Still creating... [00m10s elapsed][0m[0m
[0m[1mgoogle_cloud_run_service.portal_backend: Still creating... [00m20s elapsed][0m[0m
[0m[1mgoogle_cloud_run_service.portal_backend: Still creating... [00m30s elapsed][0m[0m
[0m[1mgoogle_cloud_run_service.portal_backend: Still creating... [00m40s elapsed][0m[0m
